Microsoft (R) Macro Assembler Version 6.14.8444		    06/09/21 08:09:58
main.asm						     Page 1 - 1


				include C:\MASM\include\console.inc
			      C .NOLIST
			      C .LIST
			      C ; Исключение из списка служебных слов
			      C option NoKeyWord: <c name str>
			      C 
			      C 
			      C 
			      C 
			      C ;include masm32.inc
			      C 
			      C    includelib C:\MASM\lib\masm32.lib
			      C    includelib C:\MASM\lib\user32.lib
			      C    includelib C:\MASM\lib\kernel32.lib
			      C    includelib C:\MASM\lib\msvcrt.lib
			      C    
			      C 

				COMMENT *
					kuznetsov_11_2
					
				Р РµС€РµРЅРёРµ Р”РёРѕС„Р°РЅС‚РѕРІР° СѓСЂР°РІРЅРµРЅРёСЏ СЃ РїРѕРјРѕС‰СЊСЋ РіРµРЅРµС‚РёС‡РµСЃРєРёС… Р°Р»РіРѕСЂРёС‚РјРѕРІ.
				1.      РџРѕСЃС‚Р°РЅРѕРІРєР° Р·Р°РґР°С‡Рё
				Р РµС€РёС‚СЊ РІ С†РµР»С‹С… С‡РёСЃР»Р°С… (Р±Р°Р№С‚Р°С…) Р”РёРѕС„Р°РЅС‚РѕРІРѕ  СѓСЂР°РІРЅРµРЅРёРµ [5]:

				A1xX1  + A2xX2 + A3xX3  = D,

				РіРґРµ xi , i=1,..,3- РЅРµРёР·РІРµСЃС‚РЅС‹Рµ РїРѕР»РѕР¶РёС‚РµР»СЊРЅС‹Рµ С†РµР»С‹Рµ (Р±Р°Р№С‚С‹), A3 , i=1,..,3 Рё D вЂ“ Р·Р°РґР°РЅРЅС‹Рµ РїРѕР»РѕР¶РёС‚РµР»СЊРЅС‹Рµ С†РµР»С‹Рµ РєРѕРЅСЃС‚Р°РЅС‚С‹ (Р±Р°Р№С‚С‹).

				2.      РЈРєР°Р·Р°РЅРёСЏ РїРѕ РїРѕСЃС‚СЂРѕРµРЅРёСЋ РіРµРЅРµС‚РёС‡РµСЃРєРѕРіРѕ Р°Р»РіРѕСЂРёС‚РјР° [4]
				Р Р°Р·РјРµСЂ РЅР°С‡Р°Р»СЊРЅРѕР№ РїРѕРїСѓР»СЏС†РёРё N Р·Р°РґР°С‘С‚ РїРѕР»СЊР·РѕРІР°С‚РµР»СЊ РІ РґРёР°РїР°Р·РѕРЅРµ  4<= N<= 10. 
				РќР°С‡Р°Р»СЊРЅР°СЏ РїРѕРїСѓР»СЏС†РёСЏ С„РѕСЂРјРёСЂСѓРµС‚СЃСЏ СЃР»СѓС‡Р°Р№РЅС‹Рј РѕР±СЂР°Р·РѕРј. 
				РљР°Р¶РґР°СЏ РѕСЃРѕР±СЊ СЃРѕСЃС‚РѕРёС‚ РёР· С‚СЂС‘С… Р±Р°Р№С‚РѕРІ (x1, x2, x3).

				РљСЂРёС‚РµСЂРёРё РѕСЃС‚Р°РЅРѕРІР°:

				1) РїСЂРµРІС‹С€РµРЅРёРµ Р·Р°РґР°РЅРЅРѕРіРѕ РїРѕР»СЊР·РѕРІР°С‚РµР»РµРј РєРѕР»РёС‡РµСЃС‚РІР° РёС‚РµСЂР°С†РёР№ M;
				2) РґРѕСЃС‚РёР¶РµРЅРёРµ РЅСѓР»РµРІРѕРіРѕ Р·РЅР°С‡РµРЅРёСЏ С†РµР»РµРІРѕР№ С„СѓРЅРєС†РёРё (РЅРµРІСЏР·РєРё СѓСЂР°РІРЅРµРЅРёСЏ).

				Р’РёРґ СЃРµР»РµРєС†РёРё  :   СЃС…РµРјР° РїСЂРѕРїРѕСЂС†РёРѕРЅР°Р»СЊРЅРѕРіРѕ РѕС‚Р±РѕСЂР° [4]
				Р’РёРґ СЃРєСЂРµС‰РёРІР°РЅРёСЏ  :   РѕРґРЅРѕС‚РѕС‡РµС‡РЅРѕРµ [4] - СЂРµС€РµРЅРёСЏ РѕР±РјРµРЅРёРІР°СЋС‚СЃСЏ Р±РёС‚Р°РјРё РІ СЃР»СѓС‡Р°Р№РЅС‹Рј РѕР±СЂР°Р·РѕРј РІС‹Р±СЂР°РЅРЅРѕРј xi.
				РњСѓС‚Р°С†РёСЏ   :   РёР·РјРµРЅРµРЅРёРµ СЃР»СѓС‡Р°Р№РЅРѕ РІС‹Р±СЂР°РЅРЅРѕРіРѕ Р±РёС‚Р° РІ СЃР»СѓС‡Р°Р№РЅРѕ Р·Р°РґР°РЅРЅРѕРј xi;
				Р’РµСЂРѕСЏС‚РЅРѕСЃС‚СЊ РјСѓС‚Р°С†РёРё Р·Р°РґР°С‘С‚СЃСЏ РїРѕР»СЊР·РѕРІР°С‚РµР»РµРј.

				3.      РўСЂРµР±РѕРІР°РЅРёСЏ Рє РїСЂРѕРіСЂР°РјРјРµ
				РџСЂРѕРіСЂР°РјРјР° РґРѕР»Р¶РЅР° СЂР°Р±РѕС‚Р°С‚СЊ РІ РґРІСѓС… СЂРµР¶РёРјР°С…:
				С‚РµСЃС‚РѕРІС‹Р№
				РѕСЃРЅРѕРІРЅРѕР№
				Р’ С‚РµСЃС‚РѕРІРѕРј СЂРµР¶РёРјРµ РїСЂРѕРіСЂР°РјРјР° РІС‹РІРѕРґРёС‚ РЅР° СЌРєСЂР°РЅ РїРѕРїСѓР»СЏС†РёСЋ СЂРµС€РµРЅРёР№, РїРѕР»СѓС‡Р°РµРјСѓСЋ РЅР° РєР°Р¶РґРѕРј С€Р°РіРµ СЂР°Р±РѕС‚С‹ Р°Р»РіРѕСЂРёС‚РјР°.
				Р’ РѕСЃРЅРѕРІРЅРѕРј СЂРµР¶РёРјРµ РІС‹РІРѕРґРёС‚СЃСЏ С‚РѕР»СЊРєРѕ СЂРµС€РµРЅРёРµ, Р·РЅР°С‡РµРЅРёРµ С„СѓРЅРєС†РёРё (РЅРµРІСЏР·РєР° СѓСЂР°РІРЅРµРЅРёСЏ, РєРѕС‚РѕСЂР°СЏ РІ РёРґРµР°Р»Рµ РґРѕР»Р¶РЅР° РѕР±СЂР°С‰Р°С‚СЊСЃСЏ РІ РЅРѕР»СЊ) 
				Рё РєРѕР»РёС‡РµСЃС‚РІРѕ СЃРґРµР»Р°РЅРЅС‹С… РёС‚РµСЂР°С†РёР№.
				Р’СЃРµ С€Р°РіРё Р°Р»РіРѕСЂРёС‚РјР° (РіРµРЅРµСЂР°С†РёСЏ РЅР°С‡Р°Р»СЊРЅРѕР№ РїРѕРїСѓР»СЏС†РёРё, СЃРµР»РµРєС†РёСЏ, СЃРєСЂРµС‰РёРІР°РЅРёРµ, РјСѓС‚Р°С†РёСЏ, РІС‹С‡РёСЃР»РµРЅРёРµ С†РµР»РµРІРѕР№ С„СѓРЅРєС†РёРё), 
				РґРѕР»Р¶РЅС‹ Р±С‹С‚СЊ СЂРµР°Р»РёР·РѕРІР°РЅС‹ РІ РІРёРґРµ РѕС‚РґРµР»СЊРЅС‹С… РїСЂРѕС†РµРґСѓСЂ.
				*
				;РЎР’ - СЃР»СѓС‡Р°Р№РЅР°СЏ РІРµР»РёС‡РёРЅР°
				;Р—Р¦Р¤ - Р·РЅР°С‡РµРЅРёРµ С†РµР»РµРІРѕР№ С„СѓРЅРєС†РёРё
 000002E1			.data
 = 0000000A				L equ 10
 000002E1 09				A1 db 9 ; 0-255
 000002E2 11				A2 db 17; 0-255
 000002E3 02				A3 db 2 ; 0-255
 000002E4 FF				D db 255 ; 0-255
					
 000002E5 0A				N db 10 ; С‡РёСЃР»Рѕ РѕСЃРѕР±РµР№ РІ РїРѕРїСѓР»СЏС†РёРё
 000002E6 14				M db 20 ; РІРµСЂРѕСЏС‚РЅРѕСЃС‚СЊ РјСѓС‚Р°С†РёРё
					
 000002E7 2710				Iteration dw 10000 ; РєРѕР»-РІРѕ РёС‚РµСЂР°С†РёР№

 000002E9 0BB9				Seed dw 3001 ; РѕСЃРЅРѕРІРЅРѕРµ Р·РЅР°С‡РµРЅРёРµ РґР»СЏ СЃС‚Р°СЂС‚Р° РЎР’ (РјРµРЅСЏРµС‚СЃСЏ РІРІРѕРґРѕРј)
 000002EB 1771				Seed2 dw 6001 ; Р·РЅР°С‡РµРЅРёРµ РґР»СЏ СЃС‚Р°СЂС‚Р° РЎР’. РСЃРїРѕР»СЊР·СѓРµС‚СЃСЏ РІ РјРѕРґСѓР»СЏС…
								  ; mutation (РїСЂРё  m=373, РІС‹РґР°РµС‚ СЂР°РІРЅРѕРјРµСЂРЅСѓСЋ РїР»РѕС‚РЅРѕСЃС‚СЊ Р·РЅР°С‡РµРЅРёР№ РІ [0...7]
					
					
 000002ED  0000000A [			Population db L dup ( 3 dup (1,0,0,0,1,0,0,0,1)); РїРµСЂРІС‹Рµ 3 РѕСЃРѕР±Рё Р·Р°С‰РёС‚Р° РїСЂРё Р±РѕР»СЊС€РёС… С‡РёСЃР»Р°С…
	    00000003 [
	     01 00 00 00
	     01 00 00 00
	     01
	    ]
	   ]
					                ;P1(1, 0, 0), P2(0, 1, 0), P3(0, 0, 1), P4(x1, x2, x3) Рё С‚Рґ
 000003FB  0000000A [			P_selection db L dup ( 3 dup (1,0,1)) ; РјР°СЃСЃРёРІ РѕСЃРѕР±РµР№ РѕС‚РѕР±СЂР°РЅРЅС‹РјРё РІ С…РѕРґРµ РїСЂРѕРїРѕСЂС†РёРѕРЅР°Р»СЊРЅРѕРіРѕ РѕС‚Р±РѕСЂР°
	    00000003 [
	     01 00 01
	    ]
	   ]
					
					
					
 00000455  0000000B [			Fi dw L + 1 dup (?) ; РјР°СЃСЃРёРІ РґР»СЏ Р—Р¦Р¤ (Рё РґР°Р»РµРµ РЅРµРІСЏР·РєРё Рё РіСЂР°РЅРёС† РѕС‚СЂРµР·РєРѕРІ РІРµСЂРѕСЏС‚РЅРѕСЃС‚Рё)
	    0000
	   ]
 0000046B  0000000A [			Generate dw L dup (?) ; РјР°СЃСЃРёРІ РґР»СЏ Р·РЅР°С‡РµРЅРёР№ РЎР’ (Р° С‚Р°Рє Р¶Рµ СЃРјРµС‰РµРЅРёР№ РѕСЃРѕР±РµР№ РІ РјР°СЃСЃРёРІР°С…)
	    0000
	   ]
					
					
 0000047F  00000004 [			Final_result db 4 dup(0,0,0,0) ; x1, x2, x3, F - СЌС‚Рѕ СЂРµС€РµРЅРёРµ, СЃС‚Р°СЂС‚РѕРІС‹Рµ Р·РЅР°С‡РµРЅРёСЏ РґР»СЏ D=0
	    00 00 00 00
	   ]

					
 0000048F 0D				K db 13 ; Р·РЅР°С‡РµРЅРёРµ РґР»СЏ РіРµРЅРµСЂР°С†РёРё РЎР’ РІ РґРёР°РїР°Р·РѕРЅРµ:
						   ; РїСЂРё 15 -[0...1]
						   ; РїСЂРё 14 -[0...3]
						   ; РїСЂРё 13 -[0...7] РёСЃРїРѕР»СЊР·СѓРµС‚СЃСЏ РІ РјРѕРґСѓР»Рµ mutation
							
					
 000003C0			.code


 000003C0			Start:
				    ClrScr

					extrn start_random_gen@0: near ; РіРµРЅРµСЂР°С‚РѕСЂ СЃР»СѓС‡Р°Р№РЅС‹С… С‡РёСЃРµР» РЅР°С‡Р°Р»СЊРЅРѕР№ РїРѕРїСѓР»СЏС†РёРё
					extrn calc_Fi_and_accuracy@0: near ; РІС‹С‡РёСЃР»СЏРµС‚ Р—Р¦Р¤ Рё РЅРµРІСЏР·РєСѓ РґР»СЏ РїРѕСЃР»РµРґСѓСЋС‰РµРіРѕ СЂРµС€РµРЅРёСЏ
					extrn random_gen@0: near ; РіРµРЅРµСЂР°С‚РѕСЂ СЃР»СѓС‡Р°Р№РЅС‹С… С‡РёСЃРµР»
					extrn Calc_Fsum_and_probabilities@0: near ; РІС‹С‡РёСЃР»СЏРµС‚ РІРµСЂРѕС‚РЅРѕСЃС‚Рё, РІРµСЃР° РѕС‚СЂРµР·РєРѕРІ, Рё РіСЂР°РЅРёС†С‹ СЌС‚РёС… РѕС‚СЂРµР·РєРѕРІ (1... 10001]
					extrn formation_population@0: near ; РїРѕРґР±РѕСЂ РІС‹Р±СЂР°РЅРЅС‹С… РѕСЃРѕР±РµР№ РґР»СЏ СЃРєСЂРµС‰РёРІР°РЅРёСЏ
					extrn selection@0: near ; РѕС‚Р±РѕСЂ РїР°СЂ РѕСЃРѕР±РµР№
					extrn crossbreeding@0: near ; СЃРєСЂРµС‰РёРІР°РЅРёРµ РїР°СЂ РѕСЃРѕР±РµР№ РІ xi Рё j-С‚С‹РјРё Р±РёС‚Р°РјРё 
					extrn mutation@0: near ; РјСѓС‚Р°С†РёСЏ РІ xi РІС‹Р±СЂР°РЅРЅРѕР№ РѕСЃРѕР±Рё


				;Р’РІРѕРґ A1, A2, A3
 000003CD  BB 000002E1 R		mov ebx, offset A1
 000003D2  B9 00000001			mov ecx, 1
 000003D7			INPUT_Ai:
					outstr 'Input A'
					outword cl
					outstr ':  '
					inintln ax
 000004A5  0F 82 FFFFFF2C		jc INPUT_Ai ; РїСЂРѕРІРµСЂРєР° РЅР° РЅРµ С‡РёСЃР»Рѕ
 000004AB  66| 83 F8 00			cmp ax, 0
 000004AF  0F 8C FFFFFF22		jl INPUT_Ai
 000004B5  66| 3D 00FF			cmp ax, 255
 000004B9  0F 8F FFFFFF18		jg INPUT_Ai
 000004BF  88 03			mov [ebx], al
 000004C1  43				inc ebx
 000004C2  41				inc ecx
 000004C3  83 F9 04			cmp ecx, 4
 000004C6  0F 85 FFFFFF0B		jne INPUT_Ai


				;Р’РІРѕРґ D
 000004CC			INPUT_D:
					outstr 'Input D:  '
					inintln ax
 00000543  72 87			jc INPUT_D ; РїСЂРѕРІРµСЂРєР° РЅР° РЅРµ С‡РёСЃР»Рѕ
 00000545  66| 83 F8 00			cmp ax, 0
 00000549  7C 81			jl INPUT_D
 0000054B  66| 3D 00FF			cmp ax, 255
 0000054F  0F 8F FFFFFF77		jg INPUT_D
 00000555  A2 000002E4 R		mov D, al

				; РїСЂРѕРІРµСЂРєР° D = 0
 0000055A  80 3D 000002E4 R		cmp D, 0
	   00
 00000561  0F 84 00001080		je out_result


				;Р’РІРѕРґ РєРѕР»-РІР° РѕСЃРѕР±РµР№ РІ РїРѕРїСѓР»СЏС†РёРё
 00000567			INPUT_N:
					outstr 'Input population N:  '
					inintln ax
 000005DE  72 87			jc INPUT_N ; РїСЂРѕРІРµСЂРєР° РЅР° РЅРµ С‡РёСЃР»Рѕ
 000005E0  66| 83 F8 04			cmp ax, 4
 000005E4  7C 81			jl INPUT_N
 000005E6  66| 83 F8 0A			cmp ax, 10
 000005EA  0F 8F FFFFFF77		jg INPUT_N
 000005F0  A2 000002E5 R		mov N, al


				; РїСЂРѕС†РµРЅС‚ РјСѓС‚Р°С†РёРё
 000005F5			INPUT_M:
					outstr 'Input mutant M (0--100):  '
					inintln ax
 0000066C  72 87			jc INPUT_M ; РїСЂРѕРІРµСЂРєР° РЅР° РЅРµ С‡РёСЃР»Рѕ
 0000066E  66| 83 F8 00			cmp ax, 0
 00000672  7C 81			jl INPUT_M
 00000674  66| 83 F8 64			cmp ax, 100
 00000678  0F 8F FFFFFF77		jg INPUT_M
 0000067E  A2 000002E6 R		mov M, al


				; РІРІРѕРґ СЃС‚Р°СЂС‚РѕРІРѕРіРѕ Р·РЅР°С‡РµРЅРёСЏ РґР»СЏ РіРµРЅРµСЂР°С‚РѕСЂР° РЎР’
 00000683			INPUT_Seed:
					outstr 'Input start Seed (1 -- 20000):  '
					inintln ax
 000006FA  72 87			jc INPUT_Seed ; РїСЂРѕРІРµСЂРєР° РЅР° РЅРµ С‡РёСЃР»Рѕ
 000006FC  66| 83 F8 00			cmp ax, 0
 00000700  7C 81			jl INPUT_Seed
 00000702  66| 3D 4E20			cmp ax, 20000
 00000706  0F 8F FFFFFF77		jg INPUT_Seed	
 0000070C  66| A3			mov Seed, ax
	   000002E9 R


				; РІРІРѕРґ РєРѕР»-РІР° РёС‚РµСЂР°С†РёР№	
 00000712			INPUT_Iter:
					outstr 'Input Iteration (1 -- 65000):  '
					inintln ax
 00000789  72 87			jc INPUT_Iter ; РїСЂРѕРІРµСЂРєР° РЅР° РЅРµ С‡РёСЃР»Рѕ
 0000078B  66| 83 F8 00			cmp ax, 0
 0000078F  72 81			jb INPUT_Iter
 00000791  66| 3D FDE8			cmp ax, 65000
 00000795  0F 87 FFFFFF77		ja INPUT_Iter
 0000079B  66| A3			mov Iteration, ax
	   000002E7 R


				; РІРІРѕРґ РїР°СЂР°РјРµС‚СЂР° РґР»СЏ РјРѕРґСѓР»СЏ РјСѓС‚Р°С†РёРё (РјСѓС‚РёСЂСѓРµС‚ Р±РёС‚ С‚РѕР»СЊРєРѕ РІ РѕРїСЂРµРґРµР»РµРЅРЅРѕРј РґРёР°РїР°Р·РѕРЅРµ)
 000007A1			INPUT_K:
					outstr 'Input K (13, 14, 15):  '
					inintln ax
 00000818  72 87			jc INPUT_K ; РїСЂРѕРІРµСЂРєР° РЅР° РЅРµ С‡РёСЃР»Рѕ
 0000081A  66| 83 F8 0D			cmp ax, 13
 0000081E  72 81			jb INPUT_K
 00000820  66| 83 F8 0F			cmp ax, 15
 00000824  0F 87 FFFFFF77		ja INPUT_K
 0000082A  A2 0000048F R		mov K, al

					newline
				; РїРµС‡Р°С‚СЊ РІС…РѕРґРЅС‹С… РґР°РЅРЅС‹С…
					outwordln A1,3, 'A1 = '
					outwordln A2,3, 'A2 = '
					outwordln A3,3, 'A3 = '
					outwordln D,3, 'D = '
					outwordln N,3, 'N = '
					outwordln Seed,3, 'Seed = '
					outwordln Iteration,3, 'Iteration = '
					
					newline

					outword A1,,'Solve the equation:            '
					outstr '*x1 + '
					outword A2
					outstr '*x2 + '
					outword A3
					outstr '*x3 = '
					outword D
					
					newline
					newline

				; РіРµРЅРµСЂР°С†РёСЏ СЃС‚Р°СЂС‚РѕРІРѕР№ РїРѕРїСѓР»СЏС†РёРё	
				; РІС‹С‡РёСЃР»СЏРµРј РєРѕР»-РІРѕ РѕСЃС‚Р°РІС€РёС…СЃСЏ СЃР»СѓС‡Р°Р№РЅС‹С… РѕСЃРѕР±РµР№ cl=(N-3)x3
				; 3 РїРµСЂРµРјРµРЅРЅС‹Рµ Рё N-3 РѕСЃРѕР±Рё	

 000010B1  33 C9			xor ecx, ecx
 000010B3  A0 000002E5 R		mov al, N
 000010B8  2C 03			sub al, 3
 000010BA  8A C8			mov cl, al
 000010BC  D0 E1			shl cl, 1
 000010BE  02 C8			add cl, al
					; ecx СѓР¶Рµ СЃС‡РµС‚С‡РёРє	

				; РіРµРЅРµСЂР°С†РёСЏ СЃС‚Р°СЂС‚РѕРІРѕР№ РїРѕРїСѓР»СЏС†РёРё
					
					; РїРµСЂРІС‹Рµ 3 РѕСЃРѕР±Рё РёРјРµСЋС‚ Р·РЅР°С‡РµРЅРёСЏ (1,0,0), (0,1,0), (0,0,1)
					; РїРѕСЌС‚РѕРјСѓ РїРµСЂРµРґР°РµРј Р°РґСЂРµСЃ РЅР° P4x1
 000010C0  B8 000002ED R		mov eax, offset Population
 000010C5  83 C0 09			add eax, 9
					
 000010C8  66| FF 35			push Seed ; СЃС‚Р°СЂС‚РѕРІРѕРµ Р·РЅР°С‡РµРЅРёРµ
	   000002E9 R
 000010CF  51				push ecx ; СЃС‡РµС‚С‡РёРє
 000010D0  50				push eax ; Р·Р°РїРёСЃС‹РІР°РµРј РІ СЃС‚РµРє Р°РґСЂРµСЃ РЅР°С‡Р°Р»Р° РјР°СЃСЃРёРІР° РїРѕРїСѓР»СЏС†РёРё
					
 000010D1  E8 00000000 E		call start_random_gen@0


				; РїРµС‡Р°С‚СЊ РјР°СЃСЃРёРІР° СЃС‚Р°СЂС‚РѕРІРѕР№ РїРѕРїСѓР»СЏС†РёРё	
 000010D6  33 DB			xor ebx, ebx
 000010D8  B1 00			mov cl, 0
					outstrln 'Start Population:'
					newline
 000011ED			OUTL:
					outstr 'P'
					outword cl
					outstr ': '
					;outstr '('
					outword Population[ebx],3
 0000129F  43				inc ebx
					outword Population[ebx],3, ', '
 000012FB  43				inc ebx
					outwordln Population[ebx],3, ', '
 000013C2  43				inc ebx
					;outstrln ')'
 000013C3  FE C1			inc cl
 000013C5  3A 0D 000002E5 R		cmp cl, N
 000013CB  0F 85 FFFFFE1C		jne OUTL
					
					newline
					
				; С†РёРєР» РёС‚РµСЂР°С†РёР№ РЅР° СЂРµРіРёСЃС‚СЂРµ dx
 0000143C  BA 00000001			mov edx, 1
 00001441			Iter:
					
				; РІС‹С‡РёСЃР»СЏРµРј Р—Р¦Р¤ РІ Fi
				; РїСЂРѕРІРµСЂСЏРµРј РЅР° С‚РѕС‡РЅРѕРµ СЂРµС€РµРЅРёРµ Fi=D, РµСЃР»Рё РґР° С‚Рѕ Р·Р°РїРёСЃС‹РІР°РµРј РІ Final_result
				; Рё РїРµСЂРµС…РѕРґРёРј Рє РїРµС‡Р°С‚Рё СЂРµР·СѓР»СЊС‚Р°С‚Р°
				; РІС‹С‡РёСЃР»СЏРµРј РЅРµРІСЏР·РєСѓ(Fi-D РёР»Рё D-Fi) Рё Р·Р°РїРёСЃС‹РІР°РµРј РІ Fi
					
 00001441  33 C9			xor ecx, ecx
 00001443  8A 0D 000002E5 R		mov cl, N ; ecx СѓР¶Рµ СЃС‡РµС‚С‡РёРє
					
 00001449  68 0000047F R		push offset Final_result ; РјР°СЃСЃРёРІ СЂРµС€РµРЅРёСЏ СѓСЂР°РІРЅРµРЅРёСЏ (x1, x2, x3, F)
 0000144E  51				push ecx 
 0000144F  68 000002E1 R		push offset A1 ; Р°РґСЂРµСЃ Р·РЅР°С‡РµРЅРёСЏ A1 РїРѕ РЅРµРјСѓ РІС‹С‡РёСЃР»СЏРµРј РІ РїСЂРѕС†РµРґСѓСЂРµ A2, A3, D
 00001454  68 000002ED R		push offset Population ; Р°РґСЂРµСЃ РЅР°С‡Р°Р»Р° РјР°СЃСЃРёРІР° Population
 00001459  68 00000455 R		push offset Fi ; Р°РґСЂРµСЃ РЅР°С‡Р°Р»Р° РјР°СЃСЃРёРІР° РґР»СЏ РЅРµРІСЏР·РєРё РїРѕРїСѓР»СЏС†РёРё
					
 0000145E  E8 00000000 E		call calc_Fi_and_accuracy@0

				; Р•СЃР»Рё РїСЂРё РІС‹С‡РёСЃР»РµРЅРёРё Р—Р¦Р¤ РІ РїСЂРѕС†РµРґСѓСЂРµ
				; calc_Fi_and_accuracy@0 РµСЃС‚СЊ СЂРµС€РµРЅРёРµ  Fi-D = 0, С‚Рѕ РѕРЅРѕ
				; Р±СѓРґРµС‚ РЅР°С…РѕРґРёС‚СЃСЏ РІ Final_result.
				; СЃСЂР°РІРЅРёРІР°РµРј Р—Р¦Р¤ РІ Final_result Рё РµСЃР»Рё Fi=D, С‚Рѕ СЌС‚Рѕ Рё РµСЃС‚СЊ СЂРµС€РµРЅРёРµ
				; Р’С‹С…РѕРґРёРј РёР· С†РёРєР»Р° Рё РїРµС‡Р°С‚Р°РµРј СЂРµР·СѓР»СЊС‚Р°С‚

 00001463  A0 00000482 R		mov al, byte ptr [Final_result + 3] ; Р—Р¦Р¤ РІ al
 00001468  3A 05 000002E4 R		cmp al, D
 0000146E  0F 84 00000173		je out_result


				; Р·Р°РїРѕР»РЅСЏРµРј РЎР’ РјР°СЃСЃРёРІ Generate

 00001474  33 C9			xor ecx, ecx
 00001476  8A 0D 000002E5 R		mov cl, N
					
 0000147C  68 00002711			push 10001 ; Р·РЅР°С‡РµРЅРёРµ m СѓС‡Р°СЃС‚РІСѓСЋС‰РµРµ РІ С„РѕСЂРјСѓР»Рµ РґР»СЏ РІС‹С‡РёС‚СЃР»РµРЅРёСЏ РЎР’
 00001481  68 000002E9 R		push offset Seed ; СЃС‚Р°СЂС‚РѕРІРѕРµ Р·РЅР°С‡РµРЅРёРµ
 00001486  51				push ecx ; СЃС‡РµС‚С‡РёРє С†РёРєР»РѕРІ
 00001487  68 0000046B R		push offset Generate ; Р°РґСЂРµСЃ РЅР° РјР°СЃСЃРёРІ РґР»СЏ Р·Р°РїРёСЃРё РЎР’

 0000148C  E8 00000000 E		call random_gen@0
					

 00001491  33 C9			xor ecx, ecx
 00001493  8A 0D 000002E5 R		mov cl, N
					
 00001499  51				push ecx ; СЃС‡РµС‚С‡РёРє
 0000149A  68 00000455 R		push offset Fi ; Р°РґСЂРµСЃ РЅР° 1 СЌР»РµРјРµРЅС‚ Fi. РќР°С…РѕРґРёС‚СЃСЏ РЅРµРІСЏР·РєР° |Fi-D|=0
					
 0000149F  E8 00000000 E		call Calc_Fsum_and_probabilities@0


				; РџСЂРѕС†РµРґСѓСЂР° formation_population@0 РЅР° РѕСЃРЅРѕРІРµ СЃРіРµРЅРµСЂРёСЂРѕРІР°РЅРЅРѕРіРѕ РјР°СЃСЃРёРІР° РЎР’ Рё 
				; РіСЂР°РЅРёС† РѕС‚СЂРµР·РєРѕРІ РІРµСЂРѕСЏС‚РЅРѕСЃС‚РµР№ Fi С„РѕСЂРјРёСЂСѓРµС‚ РЅРѕРІСѓСЋ РїРѕРїСѓР»СЏС†РёСЏ.
				; РќР° РґР°РЅРЅРѕРј СЌС‚Р°РїРµ РІС‹С‡РёСЃР»СЏРµС‚СЃСЏ СЃРјРµС‰РµРЅРёРµ РІС‹Р±СЂР°РЅРЅРѕР№ РѕСЃРѕР±Рё РІ РјР°СЃСЃРёРІРµ Population
				; (РѕС‚ РЅР°С‡Р°Р»Р° РјР°СЃСЃРёРІР°) Рё Р·Р°РїРёСЃС‹РІР°РµС‚СЃСЏ РІ РјР°СЃСЃРёРІ Generate

 000014A4  33 C9			xor ecx, ecx
 000014A6  8A 0D 000002E5 R		mov cl, N
						
 000014AC  51				push ecx ; СЃС‡РµС‚С‡РёРє С†РёРєР»Р°
 000014AD  68 00000455 R		push offset Fi ; Р°РґСЂРµСЃ РЅР° РјР°СЃСЃРёРІ СЃ РіСЂР°РЅРёС†Р°РјРё РѕС‚СЂРµР·РєРѕРІ РІРµСЂРѕСЏС‚РЅРѕСЃС‚РµР№ РґР»СЏ РєР°Р¶РґРѕР№ РѕСЃРѕР±Рё (РІРµСЃСЊ РѕС‚СЂРµР·РѕРє (0...10000])
 000014B2  68 0000046B R		push offset Generate ; Р°РґСЂРµСЃ РЅР° РјР°СЃСЃРёРІ СЃРѕ РЎР’
					
 000014B7  E8 00000000 E		call formation_population@0


				; Р¤РѕСЂРјРёСЂСѓРµС‚ РїР°СЂС‹ РѕСЃРѕР±РµР№ РґР»СЏ СЃРєСЂРµС‰РёРІР°РЅРёСЏ. 
				; Р Р·Р°РїРёСЃС‹РІР°РµС‚ РёС… РІ РјР°СЃСЃРёРІ Population.	
 000014BC  33 C9			xor ecx, ecx
 000014BE  8A 0D 000002E5 R		mov cl, N
					
 000014C4  68 000002E9 R		push offset Seed ; СЃС‚Р°СЂС‚РѕРІРѕРµ Р·РЅР°С‡РµРЅРёРµ РґР»СЏ РіРµРЅРµСЂР°С‚РѕСЂР° РЎР’
 000014C9  68 000003FB R		push offset P_selection ; Р°РґСЂРµСЃ РЅР° РјР°СЃСЃРёРІ РґР»СЏ Р·Р°РїРёСЃРё РѕС‚РѕР±СЂР°РЅРЅС‹С… РѕСЃРѕР±РµР№
 000014CE  68 000002ED R		push offset Population ;
 000014D3  68 0000046B R		push offset Generate ; РјР°СЃСЃРёРІ СЃРѕ Р·РЅР°С‡РµРЅРёСЏРјРё СЃРјРµС‰РµРЅРёСЏ РІ Population РґР»СЏ РѕС‚РѕР±СЂР°РЅРЅС‹С… РѕСЃРѕР±РµР№
 000014D8  68 00000455 R		push offset Fi ; Р°РґСЂРµСЃ РјР°СЃСЃРёРІР° Fi - Р±СѓРґРµРј С„РѕСЂРјРёСЂРѕРІР°С‚СЊ
 000014DD  51				push ecx
					
 000014DE  E8 00000000 E		call selection@0


				; РџСЂРѕС†РµРґСѓСЂР° crossbreeding@0 РѕРїСЂРµРґРµР»СЏРµС‚ РїСѓС‚РµРј РіРµРЅРµСЂР°С†РёРё РЎР’ РєР°РєРѕР№ xi РІ j-РїР°СЂРµ
				; Р±СѓРґРµС‚ РѕР±РјРµРЅРёРІР°С‚СЊСЃСЏ Р±РёС‚Р°РјРё.
				; РџСѓС‚РµРј РіРµРЅРµСЂР°С†РёРё РЎР’ РѕРїСЂРµРґРµР»СЏРµС‚ РєРѕР»-РІРѕ РѕР±РјРµРЅРёРІР°РµРјС‹С… Р±РёС‚РѕРІ Рё 
				; СЃРєСЂРµС‰РёРІР°РµС‚ РѕСЃРѕР±Рё РІ РїР°СЂРµ.

					
 000014E3  68 000002E9 R		push offset Seed ; СЃС‚Р°СЂС‚РѕРІРѕРµ Р·РЅР°С‡РµРЅРёРµ РґР»СЏ РіРµРЅРµСЂР°С‚РѕСЂР° РЎР’
 000014E8  68 000002ED R		push offset Population ; Р°РґСЂРµСЃ РјР°СЃСЃРёРІР° Population СЃ СѓР¶Рµ РѕС‚РѕР±СЂР°РЅС‹РјРё РїР°СЂР°РјРё РґР»СЏ СЃРєСЂРµС‰РёРІР°РЅРёСЏ
 000014ED  68 0000046B R		push offset Generate ; Р°РґСЂРµСЃ РјР°СЃСЃРёРІР° Generate
 000014F2  51				push ecx ; СЃС‡РµС‚С‡РёРє С†РёРєР»Р°
					
 000014F3  E8 00000000 E		call crossbreeding@0
					
					
				; РџСЂРѕС†РµРґСѓСЂР° РјСѓС‚Р°С†РёРё i-РѕСЃРѕР±Рё РІ РїРѕРїСѓР»СЏС†РёРё. Р’С‹С‡РёСЃР»СЏРµС‚ РІРѕР·РјРѕР¶РЅРѕСЃС‚СЊ
				; РјСѓС‚Р°С†РёРё РѕСЃРѕР±Рё. Р•СЃР»Рё РѕСЃРѕР±СЊ РјСѓС‚РёСЂСѓРµС‚ РІС‹С‡РёСЃР»СЏРµС‚ Рё РјСѓС‚РёСЂСѓРµС‚ xi. 	
 000014F8  33 C9			xor ecx, ecx
 000014FA  8A 0D 000002E5 R		mov cl, N

				; РјР°СЃС€С‚Р°Р±РёСЂСѓРµРј РїСЂРѕС†РµРЅС‚ РјСѓС‚Р°С†РёРё РІ РѕС‚СЂРµР·РѕРє (0, 10000]
 00001500  33 C0			xor eax, eax
 00001502  A0 000002E6 R		mov al, M
 00001507  B3 64			mov bl, 100
 00001509  F6 E3			mul bl
 0000150B  33 DB			xor ebx, ebx
 0000150D  8A 1D 0000048F R		mov bl, K
					

 00001513  53				push ebx ; РїР°СЂР°РјРµС‚СЂ РјСѓС‚Р°С†РёРё Р±РёС‚Р° (РѕРґРёРЅ РёР· РїРµСЂРІС‹С… 2/3/7)
 00001514  50				push eax ; РїСЂРѕС†РµРЅС‚ РјСѓС‚Р°С†РёРё (РЅРѕСЂРјРёСЂРѕРІР°РЅС‹Р№ РЅР° (0, 10000])
 00001515  68 000002EB R		push offset Seed2 ; СЃС‚Р°СЂС‚РѕРІРѕРµ Р·РЅР°С‡РµРЅРёРµ РґР»СЏ РіРµРЅРµСЂР°С‚РѕСЂР° РЎР’
 0000151A  68 000002ED R		push offset Population ; Р°РґСЂРµСЃ РјР°СЃСЃРёРІР° Population СЃРѕ СЃРєСЂРµС‰РµРЅРЅС‹РјРё РѕСЃРѕР±СЏРјРё
 0000151F  68 0000046B R		push offset Generate ; Р°РґСЂРµСЃ РјР°СЃСЃРёРІР° Generate 
 00001524  51				push ecx ; СЃС‡РµС‚С‡РёРє С†РёРєР»Р°
					
 00001525  E8 00000000 E		call mutation@0


 0000152A  66| 3B 15			cmp dx, Iteration
	   000002E7 R
 00001531  74 07			je no_result
 00001533  66| 42			inc dx
 00001535  E9 FFFFFF07			jmp Iter

 0000153A			no_result:
					outstrln '#####################         NO RESULT!!!!!!!!!!          #####################'
 000015E2  E9 00000696			jmp grand_final
					
 000015E7			out_result:
 000015E7  33 DB			xor ebx, ebx
					
					outstrln '###########################          RESULT          ###########################'
					
					outword A1,,'                           '
					outstr '*'
					outword Final_result[ebx]
					outstr ' + '
					outword A2
					outstr '*'
					outword Final_result[ebx + 1]
					outstr ' + '
					outword A3
					outstr '*'
					outword Final_result[ebx + 2]
					outstr ' = '
					outword D
					
					newline

					newline
					
					outword Final_result[ebx],, '                      x1 = '
					outword Final_result[ebx + 1],, '   x2 = '
					outword Final_result[ebx + 2],, '   x3 = '
					outword Final_result[ebx + 3],, '   F = '
					newline
					outwordln dx,, 'Iterations = '

 00001C7D			grand_final:
				end Start
Microsoft (R) Macro Assembler Version 6.14.8444		    06/09/21 08:09:58
main.asm						     Symbols 2 - 1




Macros:

                N a m e                 Type

??CheckStrToBuf  . . . . . . . .	Proc
??FindESP  . . . . . . . . . . .	Proc
??RestoreReg . . . . . . . . . .	Proc
??SaveReg  . . . . . . . . . . .	Proc
@GetCommandLine  . . . . . . . .	Func
@Random  . . . . . . . . . . . .	Func
@inchar  . . . . . . . . . . . .	Func
@inintln . . . . . . . . . . . .	Func
@inint . . . . . . . . . . . . .	Func
@readkey . . . . . . . . . . . .	Func
ChagePageAttr  . . . . . . . . .	Proc
ClrScr . . . . . . . . . . . . .	Proc
ConsoleMode  . . . . . . . . . .	Proc
ConsoleTitle . . . . . . . . . .	Proc
DOS  . . . . . . . . . . . . . .	Func
DownloadFile . . . . . . . . . .	Proc
GetConsoleTitle  . . . . . . . .	Proc
HeapBlockSize  . . . . . . . . .	Proc
InputStr . . . . . . . . . . . .	Proc
MsgBox . . . . . . . . . . . . .	Proc
NewConsole . . . . . . . . . . .	Proc
OpenFile . . . . . . . . . . . .	Proc
OutFlags . . . . . . . . . . . .	Proc
Randomize  . . . . . . . . . . .	Proc
RunExe . . . . . . . . . . . . .	Proc
SetScreenSize  . . . . . . . . .	Proc
SetTextAttr  . . . . . . . . . .	Proc
TotalHeapAllocated . . . . . . .	Proc
WhereX . . . . . . . . . . . . .	Proc
WhereY . . . . . . . . . . . . .	Proc
dispose  . . . . . . . . . . . .	Proc
exit . . . . . . . . . . . . . .	Proc
flush  . . . . . . . . . . . . .	Proc
gotoXY . . . . . . . . . . . . .	Proc
inchar . . . . . . . . . . . . .	Proc
inintln  . . . . . . . . . . . .	Proc
inint  . . . . . . . . . . . . .	Proc
newline  . . . . . . . . . . . .	Proc
new  . . . . . . . . . . . . . .	Proc
outcharln  . . . . . . . . . . .	Proc
outchar  . . . . . . . . . . . .	Proc
outdateln  . . . . . . . . . . .	Proc
outdate  . . . . . . . . . . . .	Proc
outintln . . . . . . . . . . . .	Proc
outint . . . . . . . . . . . . .	Proc
outnumln . . . . . . . . . . . .	Proc
outnum . . . . . . . . . . . . .	Proc
outstrln . . . . . . . . . . . .	Proc
outstr . . . . . . . . . . . . .	Proc
outtimeln  . . . . . . . . . . .	Proc
outtime  . . . . . . . . . . . .	Proc
outwordln  . . . . . . . . . . .	Proc
outword  . . . . . . . . . . . .	Proc
pause  . . . . . . . . . . . . .	Proc
readkey  . . . . . . . . . . . .	Proc


Structures and Unions:

                N a m e                  Size
                                         Offset      Type

CONSOLE_SCREEN_BUFFER_INFO . . .	 00000016
  dwSize . . . . . . . . . . . .	 00000000	 DWord
  dwCursorPosition . . . . . . .	 00000004	 DWord
  wAttributes  . . . . . . . . .	 00000008	 Word
  srWindow . . . . . . . . . . .	 0000000A	 QWord
  dwMaximumWindowSize  . . . . .	 00000012	 DWord
COORD  . . . . . . . . . . . . .	 00000004
  x  . . . . . . . . . . . . . .	 00000000	 Word
  y  . . . . . . . . . . . . . .	 00000002	 Word
SMALL_RECT . . . . . . . . . . .	 00000008
  Left . . . . . . . . . . . . .	 00000000	 Word
  Top  . . . . . . . . . . . . .	 00000002	 Word
  Right  . . . . . . . . . . . .	 00000004	 Word
  Bottom . . . . . . . . . . . .	 00000006	 Word
SystemTime . . . . . . . . . . .	 00000010
  wYear  . . . . . . . . . . . .	 00000000	 Word
  wMonth . . . . . . . . . . . .	 00000002	 Word
  wDayOfWeek . . . . . . . . . .	 00000004	 Word
  wDay . . . . . . . . . . . . .	 00000006	 Word
  wHour  . . . . . . . . . . . .	 00000008	 Word
  wMinute  . . . . . . . . . . .	 0000000A	 Word
  wSecond  . . . . . . . . . . .	 0000000C	 Word
  wMilliseconds  . . . . . . . .	 0000000E	 Word


Types:

                N a m e                  Size     Attr

c_msvcrt . . . . . . . . . . . .	 00000004     CODE 
params4  . . . . . . . . . . . .	 00000004     CODE 


Segments and Groups:

                N a m e                 Size     Length   Align   Combine Class

FLAT . . . . . . . . . . . . . .	GROUP
STACK  . . . . . . . . . . . . .	32 Bit	 00001000 Para	  Stack	  'STACK'	 
_DATA  . . . . . . . . . . . . .	32 Bit	 00002109 Para	  Public  'DATA'	
_TEXT  . . . . . . . . . . . . .	32 Bit	 00001C7D Para	  Public  'CODE'	


Procedures,  parameters and locals:

                N a m e                 Type     Value    Attr

CharToOemA . . . . . . . . . . .	P Near	 00000000 FLAT	Length= 00000000 External STDCALL
ClearScreen  . . . . . . . . . .	P Near	 00000000 FLAT	Length= 00000000 External STDCALL
CloseHandle  . . . . . . . . . .	P Near	 00000000 FLAT	Length= 00000000 External STDCALL
CreateFileA  . . . . . . . . . .	P Near	 00000000 FLAT	Length= 00000000 External STDCALL
ExitProcess  . . . . . . . . . .	P Near	 00000000 FLAT	Length= 00000000 External STDCALL
GetCommandLineA  . . . . . . . .	P Near	 00000000 FLAT	Length= 00000000 External STDCALL
GetConsoleScreenBufferInfo . . .	P Near	 00000000 FLAT	Length= 00000000 External STDCALL
GetConsoleTitleA . . . . . . . .	P Near	 00000000 FLAT	Length= 00000000 External STDCALL
GetModuleHandleA . . . . . . . .	P Near	 00000000 FLAT	Length= 00000000 External STDCALL
GetStdHandle . . . . . . . . . .	P Near	 00000000 FLAT	Length= 00000000 External STDCALL
GetSystemMetrics . . . . . . . .	P Near	 00000000 FLAT	Length= 00000000 External STDCALL
GetSystemTime  . . . . . . . . .	P Near	 00000000 FLAT	Length= 00000000 External STDCALL
GetTickCount . . . . . . . . . .	P Near	 00000000 FLAT	Length= 00000000 External STDCALL
GlobalAlloc  . . . . . . . . . .	P Near	 00000000 FLAT	Length= 00000000 External STDCALL
GlobalFree . . . . . . . . . . .	P Near	 00000000 FLAT	Length= 00000000 External STDCALL
GlobalSize . . . . . . . . . . .	P Near	 00000000 FLAT	Length= 00000000 External STDCALL
InternetGetConnectedState  . . .	P Near	 00000000 FLAT	Length= 00000000 External STDCALL
MessageBoxIndirectA  . . . . . .	P Near	 00000000 FLAT	Length= 00000000 External STDCALL
SetConsoleCtrlHandler  . . . . .	P Near	 00000000 FLAT	Length= 00000000 External STDCALL
SetConsoleCursorPosition . . . .	P Near	 00000000 FLAT	Length= 00000000 External STDCALL
SetConsoleScreenBufferSize . . .	P Near	 00000000 FLAT	Length= 00000000 External STDCALL
SetConsoleTextAttribute  . . . .	P Near	 00000000 FLAT	Length= 00000000 External STDCALL
SetConsoleTitleA . . . . . . . .	P Near	 00000000 FLAT	Length= 00000000 External STDCALL
Sleep  . . . . . . . . . . . . .	P Near	 00000000 FLAT	Length= 00000000 External STDCALL
StdIn  . . . . . . . . . . . . .	P Near	 00000000 FLAT	Length= 00000000 External STDCALL
StdOut . . . . . . . . . . . . .	P Near	 00000000 FLAT	Length= 00000000 External STDCALL
URLDownloadToFileA . . . . . . .	P Near	 00000000 FLAT	Length= 00000000 External STDCALL
VirtualProtect . . . . . . . . .	P Near	 00000000 FLAT	Length= 00000000 External STDCALL
WinToDos . . . . . . . . . . . .	P Near	 00000000 _TEXT	Length= 00000032 Public STDCALL
  @L . . . . . . . . . . . . . .	L Near	 00000003 _TEXT	
  @L2  . . . . . . . . . . . . .	L Near	 0000002A _TEXT	
  @Voz . . . . . . . . . . . . .	L Near	 0000002F _TEXT	
inint_proc . . . . . . . . . . .	P Near	 00000032 _TEXT	Length= 0000038E Public STDCALL
  @MM  . . . . . . . . . . . . .	L Near	 0000004C _TEXT	
  @@KOH1 . . . . . . . . . . . .	L Near	 000001CB _TEXT	
  @@KOH  . . . . . . . . . . . .	L Near	 000001D2 _TEXT	
  @VOZ . . . . . . . . . . . . .	L Near	 000001FA _TEXT	
  @@Error  . . . . . . . . . . .	L Near	 000001FE _TEXT	
  ??0005 . . . . . . . . . . . .	L Near	 0000023E _TEXT	
  ??000D . . . . . . . . . . . .	L Near	 00000271 _TEXT	
  ??000E . . . . . . . . . . . .	L Near	 000002A5 _TEXT	
  @@Error1 . . . . . . . . . . .	L Near	 000002DF _TEXT	
  ??0014 . . . . . . . . . . . .	L Near	 0000031F _TEXT	
  ??001C . . . . . . . . . . . .	L Near	 00000352 _TEXT	
  ??001D . . . . . . . . . . . .	L Near	 00000386 _TEXT	
nrandom  . . . . . . . . . . . .	P Near	 00000000 FLAT	Length= 00000000 External STDCALL
nseed  . . . . . . . . . . . . .	P Near	 00000000 FLAT	Length= 00000000 External STDCALL
shell_ex . . . . . . . . . . . .	P Near	 00000000 FLAT	Length= 00000000 External STDCALL
shell  . . . . . . . . . . . . .	P Near	 00000000 FLAT	Length= 00000000 External STDCALL
wait_key . . . . . . . . . . . .	P Near	 00000000 FLAT	Length= 00000000 External STDCALL


Symbols:

                N a m e                 Type     Value    Attr

??0000 . . . . . . . . . . . . .	Byte	 00000054 _DATA	
??0001 . . . . . . . . . . . . .	Byte	 00000025 _DATA	
??0002 . . . . . . . . . . . . .	Text   	 "
??0003 . . . . . . . . . . . . .	Byte	 00000024 _DATA	
??0006 . . . . . . . . . . . . .	Number	 00000000h   
??0007 . . . . . . . . . . . . .	Byte	 00000057 _DATA	
??0009 . . . . . . . . . . . . .	Byte	 00000186 _DATA	
??000A . . . . . . . . . . . . .	Byte	 0000005A _DATA	
??000B . . . . . . . . . . . . .	Text   	 o
??000C . . . . . . . . . . . . .	Byte	 00000059 _DATA	
??000F . . . . . . . . . . . . .	Byte	 000001AC _DATA	
??0010 . . . . . . . . . . . . .	Byte	 0000018A _DATA	
??0011 . . . . . . . . . . . . .	Text   	 "
??0012 . . . . . . . . . . . . .	Byte	 00000189 _DATA	
??0015 . . . . . . . . . . . . .	Number	 00000000h   
??0016 . . . . . . . . . . . . .	Byte	 000001AF _DATA	
??0018 . . . . . . . . . . . . .	Byte	 000002DE _DATA	
??0019 . . . . . . . . . . . . .	Byte	 000001B2 _DATA	
??001A . . . . . . . . . . . . .	Text   	 o
??001B . . . . . . . . . . . . .	Byte	 000001B1 _DATA	
??001E . . . . . . . . . . . . .	Byte	 00000499 _DATA	
??001F . . . . . . . . . . . . .	Byte	 00000491 _DATA	
??0020 . . . . . . . . . . . . .	Text   	 "
??0021 . . . . . . . . . . . . .	Byte	 00000490 _DATA	
??0023 . . . . . . . . . . . . .	L Near	 00000400 _TEXT	
??0024 . . . . . . . . . . . . .	Number	 00000000h   
??0025 . . . . . . . . . . . . .	Number	 00000001h   
??0026 . . . . . . . . . . . . .	Number	 00000000h   
??0027 . . . . . . . . . . . . .	Byte	 0000049C _DATA	
??002F . . . . . . . . . . . . .	Number	 00000001h   
??0031 . . . . . . . . . . . . .	Byte	 000004A4 _DATA	
??0032 . . . . . . . . . . . . .	Byte	 000004A0 _DATA	
??0033 . . . . . . . . . . . . .	Text   	 "
??0034 . . . . . . . . . . . . .	Byte	 0000049F _DATA	
??0036 . . . . . . . . . . . . .	L Near	 00000457 _TEXT	
??0038 . . . . . . . . . . . . .	DWord	 000004A7 _DATA	
??0039 . . . . . . . . . . . . .	Byte	 000004AB _DATA	
??003B . . . . . . . . . . . . .	L Near	 00000482 _TEXT	
??003C . . . . . . . . . . . . .	Byte	 000004BA _DATA	
??003D . . . . . . . . . . . . .	Byte	 000004AF _DATA	
??003E . . . . . . . . . . . . .	Text   	 "
??003F . . . . . . . . . . . . .	Byte	 000004AE _DATA	
??0041 . . . . . . . . . . . . .	L Near	 000004F5 _TEXT	
??0043 . . . . . . . . . . . . .	DWord	 000004BD _DATA	
??0044 . . . . . . . . . . . . .	Byte	 000004C1 _DATA	
??0046 . . . . . . . . . . . . .	L Near	 00000520 _TEXT	
??0047 . . . . . . . . . . . . .	Byte	 000004DB _DATA	
??0048 . . . . . . . . . . . . .	Byte	 000004C5 _DATA	
??0049 . . . . . . . . . . . . .	Text   	 "
??004A . . . . . . . . . . . . .	Byte	 000004C4 _DATA	
??004C . . . . . . . . . . . . .	L Near	 00000590 _TEXT	
??004E . . . . . . . . . . . . .	DWord	 000004DE _DATA	
??004F . . . . . . . . . . . . .	Byte	 000004E2 _DATA	
??0051 . . . . . . . . . . . . .	L Near	 000005BB _TEXT	
??0052 . . . . . . . . . . . . .	Byte	 00000501 _DATA	
??0053 . . . . . . . . . . . . .	Byte	 000004E6 _DATA	
??0054 . . . . . . . . . . . . .	Text   	 "
??0055 . . . . . . . . . . . . .	Byte	 000004E5 _DATA	
??0057 . . . . . . . . . . . . .	L Near	 0000061E _TEXT	
??0059 . . . . . . . . . . . . .	DWord	 00000504 _DATA	
??005A . . . . . . . . . . . . .	Byte	 00000508 _DATA	
??005C . . . . . . . . . . . . .	L Near	 00000649 _TEXT	
??005D . . . . . . . . . . . . .	Byte	 0000052D _DATA	
??005E . . . . . . . . . . . . .	Byte	 0000050C _DATA	
??005F . . . . . . . . . . . . .	Text   	 "
??0060 . . . . . . . . . . . . .	Byte	 0000050B _DATA	
??0062 . . . . . . . . . . . . .	L Near	 000006AC _TEXT	
??0064 . . . . . . . . . . . . .	DWord	 00000530 _DATA	
??0065 . . . . . . . . . . . . .	Byte	 00000534 _DATA	
??0067 . . . . . . . . . . . . .	L Near	 000006D7 _TEXT	
??0068 . . . . . . . . . . . . .	Byte	 00000558 _DATA	
??0069 . . . . . . . . . . . . .	Byte	 00000538 _DATA	
??006A . . . . . . . . . . . . .	Text   	 "
??006B . . . . . . . . . . . . .	Byte	 00000537 _DATA	
??006D . . . . . . . . . . . . .	L Near	 0000073B _TEXT	
??006F . . . . . . . . . . . . .	DWord	 0000055B _DATA	
??0070 . . . . . . . . . . . . .	Byte	 0000055F _DATA	
??0072 . . . . . . . . . . . . .	L Near	 00000766 _TEXT	
??0073 . . . . . . . . . . . . .	Byte	 0000057B _DATA	
??0074 . . . . . . . . . . . . .	Byte	 00000563 _DATA	
??0075 . . . . . . . . . . . . .	Text   	 "
??0076 . . . . . . . . . . . . .	Byte	 00000562 _DATA	
??0078 . . . . . . . . . . . . .	L Near	 000007CA _TEXT	
??007A . . . . . . . . . . . . .	DWord	 0000057E _DATA	
??007B . . . . . . . . . . . . .	Byte	 00000582 _DATA	
??007D . . . . . . . . . . . . .	L Near	 000007F5 _TEXT	
??007E . . . . . . . . . . . . .	Number	 00000000h   
??007F . . . . . . . . . . . . .	Byte	 00000585 _DATA	
??0081 . . . . . . . . . . . . .	Byte	 000006B4 _DATA	
??0082 . . . . . . . . . . . . .	Byte	 00000588 _DATA	
??0083 . . . . . . . . . . . . .	Text   	 o
??0084 . . . . . . . . . . . . .	Byte	 00000587 _DATA	
??0085 . . . . . . . . . . . . .	L Near	 0000084E _TEXT	
??0086 . . . . . . . . . . . . .	L Near	 00000882 _TEXT	
??0087 . . . . . . . . . . . . .	Number	 00000000h   
??0088 . . . . . . . . . . . . .	Number	 00000001h   
??0089 . . . . . . . . . . . . .	Number	 00000000h   
??008A . . . . . . . . . . . . .	Byte	 000006C1 _DATA	
??0092 . . . . . . . . . . . . .	Number	 00000001h   
??0094 . . . . . . . . . . . . .	Byte	 000006BE _DATA	
??0095 . . . . . . . . . . . . .	Byte	 000006B8 _DATA	
??0096 . . . . . . . . . . . . .	Text   	 "
??0097 . . . . . . . . . . . . .	Byte	 000006B7 _DATA	
??0099 . . . . . . . . . . . . .	L Near	 000008C3 _TEXT	
??009A . . . . . . . . . . . . .	Number	 00000000h   
??009B . . . . . . . . . . . . .	Byte	 000006C5 _DATA	
??009D . . . . . . . . . . . . .	Byte	 000007F4 _DATA	
??009E . . . . . . . . . . . . .	Byte	 000006C8 _DATA	
??009F . . . . . . . . . . . . .	Text   	 o
??00A0 . . . . . . . . . . . . .	Byte	 000006C7 _DATA	
??00A1 . . . . . . . . . . . . .	L Near	 00000914 _TEXT	
??00A2 . . . . . . . . . . . . .	L Near	 00000948 _TEXT	
??00A3 . . . . . . . . . . . . .	Number	 00000000h   
??00A4 . . . . . . . . . . . . .	Number	 00000001h   
??00A5 . . . . . . . . . . . . .	Number	 00000000h   
??00A6 . . . . . . . . . . . . .	Byte	 00000801 _DATA	
??00AE . . . . . . . . . . . . .	Number	 00000001h   
??00B0 . . . . . . . . . . . . .	Byte	 000007FE _DATA	
??00B1 . . . . . . . . . . . . .	Byte	 000007F8 _DATA	
??00B2 . . . . . . . . . . . . .	Text   	 "
??00B3 . . . . . . . . . . . . .	Byte	 000007F7 _DATA	
??00B5 . . . . . . . . . . . . .	L Near	 00000989 _TEXT	
??00B6 . . . . . . . . . . . . .	Number	 00000000h   
??00B7 . . . . . . . . . . . . .	Byte	 00000805 _DATA	
??00B9 . . . . . . . . . . . . .	Byte	 00000934 _DATA	
??00BA . . . . . . . . . . . . .	Byte	 00000808 _DATA	
??00BB . . . . . . . . . . . . .	Text   	 o
??00BC . . . . . . . . . . . . .	Byte	 00000807 _DATA	
??00BD . . . . . . . . . . . . .	L Near	 000009DA _TEXT	
??00BE . . . . . . . . . . . . .	L Near	 00000A0E _TEXT	
??00BF . . . . . . . . . . . . .	Number	 00000000h   
??00C0 . . . . . . . . . . . . .	Number	 00000001h   
??00C1 . . . . . . . . . . . . .	Number	 00000000h   
??00C2 . . . . . . . . . . . . .	Byte	 00000941 _DATA	
??00CA . . . . . . . . . . . . .	Number	 00000001h   
??00CC . . . . . . . . . . . . .	Byte	 0000093E _DATA	
??00CD . . . . . . . . . . . . .	Byte	 00000938 _DATA	
??00CE . . . . . . . . . . . . .	Text   	 "
??00CF . . . . . . . . . . . . .	Byte	 00000937 _DATA	
??00D1 . . . . . . . . . . . . .	L Near	 00000A4F _TEXT	
??00D2 . . . . . . . . . . . . .	Number	 00000000h   
??00D3 . . . . . . . . . . . . .	Byte	 00000945 _DATA	
??00D5 . . . . . . . . . . . . .	Byte	 00000A74 _DATA	
??00D6 . . . . . . . . . . . . .	Byte	 00000948 _DATA	
??00D7 . . . . . . . . . . . . .	Text   	 o
??00D8 . . . . . . . . . . . . .	Byte	 00000947 _DATA	
??00D9 . . . . . . . . . . . . .	L Near	 00000AA0 _TEXT	
??00DA . . . . . . . . . . . . .	L Near	 00000AD4 _TEXT	
??00DB . . . . . . . . . . . . .	Number	 -00000001h   
??00DC . . . . . . . . . . . . .	Number	 00000001h   
??00DD . . . . . . . . . . . . .	Number	 00000000h   
??00DE . . . . . . . . . . . . .	Byte	 00000A80 _DATA	
??00E6 . . . . . . . . . . . . .	Number	 00000001h   
??00E8 . . . . . . . . . . . . .	Byte	 00000A7D _DATA	
??00E9 . . . . . . . . . . . . .	Byte	 00000A78 _DATA	
??00EA . . . . . . . . . . . . .	Text   	 "
??00EB . . . . . . . . . . . . .	Byte	 00000A77 _DATA	
??00ED . . . . . . . . . . . . .	L Near	 00000B15 _TEXT	
??00EE . . . . . . . . . . . . .	Number	 00000000h   
??00EF . . . . . . . . . . . . .	Byte	 00000A84 _DATA	
??00F1 . . . . . . . . . . . . .	Byte	 00000BB3 _DATA	
??00F2 . . . . . . . . . . . . .	Byte	 00000A87 _DATA	
??00F3 . . . . . . . . . . . . .	Text   	 o
??00F4 . . . . . . . . . . . . .	Byte	 00000A86 _DATA	
??00F5 . . . . . . . . . . . . .	L Near	 00000B66 _TEXT	
??00F6 . . . . . . . . . . . . .	L Near	 00000B9A _TEXT	
??00F7 . . . . . . . . . . . . .	Number	 -00000001h   
??00F8 . . . . . . . . . . . . .	Number	 00000001h   
??00F9 . . . . . . . . . . . . .	Number	 00000000h   
??00FA . . . . . . . . . . . . .	Byte	 00000BBF _DATA	
??0102 . . . . . . . . . . . . .	Number	 00000001h   
??0104 . . . . . . . . . . . . .	Byte	 00000BBC _DATA	
??0105 . . . . . . . . . . . . .	Byte	 00000BB7 _DATA	
??0106 . . . . . . . . . . . . .	Text   	 "
??0107 . . . . . . . . . . . . .	Byte	 00000BB6 _DATA	
??0109 . . . . . . . . . . . . .	L Near	 00000BDB _TEXT	
??010A . . . . . . . . . . . . .	Number	 00000000h   
??010B . . . . . . . . . . . . .	Byte	 00000BC3 _DATA	
??010D . . . . . . . . . . . . .	Byte	 00000CF2 _DATA	
??010E . . . . . . . . . . . . .	Byte	 00000BC6 _DATA	
??010F . . . . . . . . . . . . .	Text   	 o
??0110 . . . . . . . . . . . . .	Byte	 00000BC5 _DATA	
??0111 . . . . . . . . . . . . .	L Near	 00000C2C _TEXT	
??0112 . . . . . . . . . . . . .	L Near	 00000C60 _TEXT	
??0113 . . . . . . . . . . . . .	Number	 00000002h   
??0114 . . . . . . . . . . . . .	Number	 00000003h   
??0115 . . . . . . . . . . . . .	Number	 00000000h   
??0116 . . . . . . . . . . . . .	Byte	 00000D01 _DATA	
??011E . . . . . . . . . . . . .	Number	 00000002h   
??0120 . . . . . . . . . . . . .	Byte	 00000CFE _DATA	
??0121 . . . . . . . . . . . . .	Byte	 00000CF6 _DATA	
??0122 . . . . . . . . . . . . .	Text   	 "
??0123 . . . . . . . . . . . . .	Byte	 00000CF5 _DATA	
??0125 . . . . . . . . . . . . .	L Near	 00000CA1 _TEXT	
??0126 . . . . . . . . . . . . .	Number	 00000000h   
??0127 . . . . . . . . . . . . .	Byte	 00000D05 _DATA	
??0129 . . . . . . . . . . . . .	Byte	 00000E34 _DATA	
??012A . . . . . . . . . . . . .	Byte	 00000D08 _DATA	
??012B . . . . . . . . . . . . .	Text   	 o
??012C . . . . . . . . . . . . .	Byte	 00000D07 _DATA	
??012D . . . . . . . . . . . . .	L Near	 00000CF2 _TEXT	
??012E . . . . . . . . . . . . .	L Near	 00000D26 _TEXT	
??012F . . . . . . . . . . . . .	Number	 00000007h   
??0130 . . . . . . . . . . . . .	Number	 00000008h   
??0131 . . . . . . . . . . . . .	Number	 00000000h   
??0132 . . . . . . . . . . . . .	Byte	 00000E48 _DATA	
??013A . . . . . . . . . . . . .	Number	 00000002h   
??013C . . . . . . . . . . . . .	Byte	 00000E45 _DATA	
??013D . . . . . . . . . . . . .	Byte	 00000E38 _DATA	
??013E . . . . . . . . . . . . .	Text   	 "
??013F . . . . . . . . . . . . .	Byte	 00000E37 _DATA	
??0141 . . . . . . . . . . . . .	L Near	 00000D67 _TEXT	
??0142 . . . . . . . . . . . . .	Number	 00000000h   
??0143 . . . . . . . . . . . . .	Byte	 00000E4C _DATA	
??0145 . . . . . . . . . . . . .	Byte	 00000F7B _DATA	
??0146 . . . . . . . . . . . . .	Byte	 00000E4F _DATA	
??0147 . . . . . . . . . . . . .	Text   	 o
??0148 . . . . . . . . . . . . .	Byte	 00000E4E _DATA	
??0149 . . . . . . . . . . . . .	L Near	 00000DB8 _TEXT	
??014A . . . . . . . . . . . . .	L Near	 00000DEC _TEXT	
??014B . . . . . . . . . . . . .	Number	 00000000h   
??014C . . . . . . . . . . . . .	Byte	 00000F7E _DATA	
??014E . . . . . . . . . . . . .	Byte	 000010AD _DATA	
??014F . . . . . . . . . . . . .	Byte	 00000F81 _DATA	
??0150 . . . . . . . . . . . . .	Text   	 o
??0151 . . . . . . . . . . . . .	Byte	 00000F80 _DATA	
??0152 . . . . . . . . . . . . .	L Near	 00000E23 _TEXT	
??0153 . . . . . . . . . . . . .	L Near	 00000E57 _TEXT	
??0154 . . . . . . . . . . . . .	Number	 00000000h   
??0155 . . . . . . . . . . . . .	Number	 00000001h   
??0156 . . . . . . . . . . . . .	Number	 00000000h   
??0157 . . . . . . . . . . . . .	Byte	 000010D4 _DATA	
??015F . . . . . . . . . . . . .	Number	 00000001h   
??0161 . . . . . . . . . . . . .	Byte	 000010D1 _DATA	
??0162 . . . . . . . . . . . . .	Byte	 000010B1 _DATA	
??0163 . . . . . . . . . . . . .	Text   	 "
??0164 . . . . . . . . . . . . .	Byte	 000010B0 _DATA	
??0166 . . . . . . . . . . . . .	L Near	 00000E98 _TEXT	
??0167 . . . . . . . . . . . . .	Byte	 000010DF _DATA	
??0168 . . . . . . . . . . . . .	Byte	 000010D8 _DATA	
??0169 . . . . . . . . . . . . .	Text   	 "
??016A . . . . . . . . . . . . .	Byte	 000010D7 _DATA	
??016C . . . . . . . . . . . . .	L Near	 00000EF3 _TEXT	
??016D . . . . . . . . . . . . .	Number	 00000000h   
??016E . . . . . . . . . . . . .	Number	 00000001h   
??016F . . . . . . . . . . . . .	Number	 00000000h   
??0170 . . . . . . . . . . . . .	Byte	 000010E2 _DATA	
??0178 . . . . . . . . . . . . .	Number	 00000001h   
??017A . . . . . . . . . . . . .	Byte	 000010ED _DATA	
??017B . . . . . . . . . . . . .	Byte	 000010E6 _DATA	
??017C . . . . . . . . . . . . .	Text   	 "
??017D . . . . . . . . . . . . .	Byte	 000010E5 _DATA	
??017F . . . . . . . . . . . . .	L Near	 00000F4E _TEXT	
??0180 . . . . . . . . . . . . .	Number	 00000000h   
??0181 . . . . . . . . . . . . .	Number	 00000001h   
??0182 . . . . . . . . . . . . .	Number	 00000000h   
??0183 . . . . . . . . . . . . .	Byte	 000010F0 _DATA	
??018B . . . . . . . . . . . . .	Number	 00000001h   
??018D . . . . . . . . . . . . .	Byte	 000010FB _DATA	
??018E . . . . . . . . . . . . .	Byte	 000010F4 _DATA	
??018F . . . . . . . . . . . . .	Text   	 "
??0190 . . . . . . . . . . . . .	Byte	 000010F3 _DATA	
??0192 . . . . . . . . . . . . .	L Near	 00000FA9 _TEXT	
??0193 . . . . . . . . . . . . .	Number	 -00000001h   
??0194 . . . . . . . . . . . . .	Number	 00000001h   
??0195 . . . . . . . . . . . . .	Number	 00000000h   
??0196 . . . . . . . . . . . . .	Byte	 000010FE _DATA	
??019E . . . . . . . . . . . . .	Number	 00000001h   
??01A0 . . . . . . . . . . . . .	Number	 00000000h   
??01A1 . . . . . . . . . . . . .	Byte	 00001101 _DATA	
??01A3 . . . . . . . . . . . . .	Byte	 00001230 _DATA	
??01A4 . . . . . . . . . . . . .	Byte	 00001104 _DATA	
??01A5 . . . . . . . . . . . . .	Text   	 o
??01A6 . . . . . . . . . . . . .	Byte	 00001103 _DATA	
??01A7 . . . . . . . . . . . . .	L Near	 00000FFA _TEXT	
??01A8 . . . . . . . . . . . . .	L Near	 0000102E _TEXT	
??01A9 . . . . . . . . . . . . .	Number	 00000000h   
??01AA . . . . . . . . . . . . .	Byte	 00001233 _DATA	
??01AC . . . . . . . . . . . . .	Byte	 00001362 _DATA	
??01AD . . . . . . . . . . . . .	Byte	 00001236 _DATA	
??01AE . . . . . . . . . . . . .	Text   	 o
??01AF . . . . . . . . . . . . .	Byte	 00001235 _DATA	
??01B0 . . . . . . . . . . . . .	L Near	 00001065 _TEXT	
??01B1 . . . . . . . . . . . . .	L Near	 00001099 _TEXT	
??01B2 . . . . . . . . . . . . .	Byte	 00001378 _DATA	
??01B3 . . . . . . . . . . . . .	Byte	 00001366 _DATA	
??01B4 . . . . . . . . . . . . .	Text   	 "
??01B5 . . . . . . . . . . . . .	Byte	 00001365 _DATA	
??01B7 . . . . . . . . . . . . .	L Near	 00001103 _TEXT	
??01B8 . . . . . . . . . . . . .	Number	 00000000h   
??01B9 . . . . . . . . . . . . .	Byte	 0000137B _DATA	
??01BB . . . . . . . . . . . . .	Byte	 000014AA _DATA	
??01BC . . . . . . . . . . . . .	Byte	 0000137E _DATA	
??01BD . . . . . . . . . . . . .	Text   	 o
??01BE . . . . . . . . . . . . .	Byte	 0000137D _DATA	
??01BF . . . . . . . . . . . . .	L Near	 00001136 _TEXT	
??01C0 . . . . . . . . . . . . .	L Near	 0000116A _TEXT	
??01C1 . . . . . . . . . . . . .	Number	 00000000h   
??01C2 . . . . . . . . . . . . .	Byte	 000014AD _DATA	
??01C4 . . . . . . . . . . . . .	Byte	 000015DC _DATA	
??01C5 . . . . . . . . . . . . .	Byte	 000014B0 _DATA	
??01C6 . . . . . . . . . . . . .	Text   	 o
??01C7 . . . . . . . . . . . . .	Byte	 000014AF _DATA	
??01C8 . . . . . . . . . . . . .	L Near	 000011A1 _TEXT	
??01C9 . . . . . . . . . . . . .	L Near	 000011D5 _TEXT	
??01CA . . . . . . . . . . . . .	Byte	 000015E2 _DATA	
??01CB . . . . . . . . . . . . .	Byte	 000015E0 _DATA	
??01CC . . . . . . . . . . . . .	Text   	 "
??01CD . . . . . . . . . . . . .	Byte	 000015DF _DATA	
??01CF . . . . . . . . . . . . .	L Near	 00001216 _TEXT	
??01D0 . . . . . . . . . . . . .	Number	 00000000h   
??01D1 . . . . . . . . . . . . .	Number	 00000001h   
??01D2 . . . . . . . . . . . . .	Number	 00000000h   
??01D3 . . . . . . . . . . . . .	Byte	 000015E5 _DATA	
??01DB . . . . . . . . . . . . .	Number	 00000001h   
??01DD . . . . . . . . . . . . .	Byte	 000015EC _DATA	
??01DE . . . . . . . . . . . . .	Byte	 000015E9 _DATA	
??01DF . . . . . . . . . . . . .	Text   	 "
??01E0 . . . . . . . . . . . . .	Byte	 000015E8 _DATA	
??01E2 . . . . . . . . . . . . .	L Near	 0000126D _TEXT	
??01E3 . . . . . . . . . . . . .	Number	 0000000Dh   
??01E4 . . . . . . . . . . . . .	Number	 0000000Eh   
??01E5 . . . . . . . . . . . . .	Number	 00000000h   
??01E6 . . . . . . . . . . . . .	Byte	 000015EF _DATA	
??01EE . . . . . . . . . . . . .	Number	 00000001h   
??01F0 . . . . . . . . . . . . .	Number	 0000000Dh   
??01F1 . . . . . . . . . . . . .	Number	 0000000Eh   
??01F2 . . . . . . . . . . . . .	Number	 00000000h   
??01F3 . . . . . . . . . . . . .	Byte	 000015FA _DATA	
??01FB . . . . . . . . . . . . .	Number	 00000001h   
??01FD . . . . . . . . . . . . .	Byte	 000015F7 _DATA	
??01FE . . . . . . . . . . . . .	Byte	 000015F4 _DATA	
??01FF . . . . . . . . . . . . .	Text   	 "
??0200 . . . . . . . . . . . . .	Byte	 000015F3 _DATA	
??0202 . . . . . . . . . . . . .	L Near	 000012C9 _TEXT	
??0203 . . . . . . . . . . . . .	Number	 0000000Dh   
??0204 . . . . . . . . . . . . .	Number	 0000000Eh   
??0205 . . . . . . . . . . . . .	Number	 00000000h   
??0206 . . . . . . . . . . . . .	Byte	 00001605 _DATA	
??020E . . . . . . . . . . . . .	Number	 00000001h   
??0210 . . . . . . . . . . . . .	Byte	 00001602 _DATA	
??0211 . . . . . . . . . . . . .	Byte	 000015FF _DATA	
??0212 . . . . . . . . . . . . .	Text   	 "
??0213 . . . . . . . . . . . . .	Byte	 000015FE _DATA	
??0215 . . . . . . . . . . . . .	L Near	 00001325 _TEXT	
??0216 . . . . . . . . . . . . .	Number	 00000000h   
??0217 . . . . . . . . . . . . .	Byte	 00001609 _DATA	
??0219 . . . . . . . . . . . . .	Byte	 00001738 _DATA	
??021A . . . . . . . . . . . . .	Byte	 0000160C _DATA	
??021B . . . . . . . . . . . . .	Text   	 o
??021C . . . . . . . . . . . . .	Byte	 0000160B _DATA	
??021D . . . . . . . . . . . . .	L Near	 00001376 _TEXT	
??021E . . . . . . . . . . . . .	L Near	 000013AA _TEXT	
??021F . . . . . . . . . . . . .	Number	 00000000h   
??0220 . . . . . . . . . . . . .	Byte	 0000173B _DATA	
??0222 . . . . . . . . . . . . .	Byte	 0000186A _DATA	
??0223 . . . . . . . . . . . . .	Byte	 0000173E _DATA	
??0224 . . . . . . . . . . . . .	Text   	 o
??0225 . . . . . . . . . . . . .	Byte	 0000173D _DATA	
??0226 . . . . . . . . . . . . .	L Near	 000013F0 _TEXT	
??0227 . . . . . . . . . . . . .	L Near	 00001424 _TEXT	
??0228 . . . . . . . . . . . . .	Byte	 000018BF _DATA	
??0229 . . . . . . . . . . . . .	Byte	 0000186E _DATA	
??022A . . . . . . . . . . . . .	Text   	 "
??022B . . . . . . . . . . . . .	Byte	 0000186D _DATA	
??022D . . . . . . . . . . . . .	L Near	 00001563 _TEXT	
??022E . . . . . . . . . . . . .	Number	 00000000h   
??022F . . . . . . . . . . . . .	Byte	 000018C2 _DATA	
??0231 . . . . . . . . . . . . .	Byte	 000019F1 _DATA	
??0232 . . . . . . . . . . . . .	Byte	 000018C5 _DATA	
??0233 . . . . . . . . . . . . .	Text   	 o
??0234 . . . . . . . . . . . . .	Byte	 000018C4 _DATA	
??0235 . . . . . . . . . . . . .	L Near	 00001596 _TEXT	
??0236 . . . . . . . . . . . . .	L Near	 000015CA _TEXT	
??0237 . . . . . . . . . . . . .	Byte	 00001A46 _DATA	
??0238 . . . . . . . . . . . . .	Byte	 000019F5 _DATA	
??0239 . . . . . . . . . . . . .	Text   	 "
??023A . . . . . . . . . . . . .	Byte	 000019F4 _DATA	
??023C . . . . . . . . . . . . .	L Near	 00001612 _TEXT	
??023D . . . . . . . . . . . . .	Number	 00000000h   
??023E . . . . . . . . . . . . .	Byte	 00001A49 _DATA	
??0240 . . . . . . . . . . . . .	Byte	 00001B78 _DATA	
??0241 . . . . . . . . . . . . .	Byte	 00001A4C _DATA	
??0242 . . . . . . . . . . . . .	Text   	 o
??0243 . . . . . . . . . . . . .	Byte	 00001A4B _DATA	
??0244 . . . . . . . . . . . . .	L Near	 00001645 _TEXT	
??0245 . . . . . . . . . . . . .	L Near	 00001679 _TEXT	
??0246 . . . . . . . . . . . . .	Number	 00000000h   
??0247 . . . . . . . . . . . . .	Number	 00000001h   
??0248 . . . . . . . . . . . . .	Number	 00000000h   
??0249 . . . . . . . . . . . . .	Byte	 00001B9B _DATA	
??0251 . . . . . . . . . . . . .	Number	 00000001h   
??0253 . . . . . . . . . . . . .	Byte	 00001B98 _DATA	
??0254 . . . . . . . . . . . . .	Byte	 00001B7C _DATA	
??0255 . . . . . . . . . . . . .	Text   	 "
??0256 . . . . . . . . . . . . .	Byte	 00001B7B _DATA	
??0258 . . . . . . . . . . . . .	L Near	 000016BA _TEXT	
??0259 . . . . . . . . . . . . .	Byte	 00001BA1 _DATA	
??025A . . . . . . . . . . . . .	Byte	 00001B9F _DATA	
??025B . . . . . . . . . . . . .	Text   	 "
??025C . . . . . . . . . . . . .	Byte	 00001B9E _DATA	
??025E . . . . . . . . . . . . .	L Near	 00001715 _TEXT	
??025F . . . . . . . . . . . . .	Number	 0000000Fh   
??0260 . . . . . . . . . . . . .	Number	 00000010h   
??0261 . . . . . . . . . . . . .	Number	 00000000h   
??0262 . . . . . . . . . . . . .	Byte	 00001BA4 _DATA	
??026A . . . . . . . . . . . . .	Number	 00000001h   
??026C . . . . . . . . . . . . .	Byte	 00001BAC _DATA	
??026D . . . . . . . . . . . . .	Byte	 00001BA8 _DATA	
??026E . . . . . . . . . . . . .	Text   	 "
??026F . . . . . . . . . . . . .	Byte	 00001BA7 _DATA	
??0271 . . . . . . . . . . . . .	L Near	 00001770 _TEXT	
??0272 . . . . . . . . . . . . .	Number	 00000000h   
??0273 . . . . . . . . . . . . .	Number	 00000001h   
??0274 . . . . . . . . . . . . .	Number	 00000000h   
??0275 . . . . . . . . . . . . .	Byte	 00001BAF _DATA	
??027D . . . . . . . . . . . . .	Number	 00000001h   
??027F . . . . . . . . . . . . .	Byte	 00001BB5 _DATA	
??0280 . . . . . . . . . . . . .	Byte	 00001BB3 _DATA	
??0281 . . . . . . . . . . . . .	Text   	 "
??0282 . . . . . . . . . . . . .	Byte	 00001BB2 _DATA	
??0284 . . . . . . . . . . . . .	L Near	 000017CB _TEXT	
??0285 . . . . . . . . . . . . .	Number	 00000013h   
??0286 . . . . . . . . . . . . .	Number	 00000014h   
??0287 . . . . . . . . . . . . .	Number	 00000000h   
??0288 . . . . . . . . . . . . .	Byte	 00001BB8 _DATA	
??0290 . . . . . . . . . . . . .	Number	 00000001h   
??0292 . . . . . . . . . . . . .	Byte	 00001BC0 _DATA	
??0293 . . . . . . . . . . . . .	Byte	 00001BBC _DATA	
??0294 . . . . . . . . . . . . .	Text   	 "
??0295 . . . . . . . . . . . . .	Byte	 00001BBB _DATA	
??0297 . . . . . . . . . . . . .	L Near	 00001826 _TEXT	
??0298 . . . . . . . . . . . . .	Number	 00000000h   
??0299 . . . . . . . . . . . . .	Number	 00000001h   
??029A . . . . . . . . . . . . .	Number	 00000000h   
??029B . . . . . . . . . . . . .	Byte	 00001BC3 _DATA	
??02A3 . . . . . . . . . . . . .	Number	 00000001h   
??02A5 . . . . . . . . . . . . .	Byte	 00001BC9 _DATA	
??02A6 . . . . . . . . . . . . .	Byte	 00001BC7 _DATA	
??02A7 . . . . . . . . . . . . .	Text   	 "
??02A8 . . . . . . . . . . . . .	Byte	 00001BC6 _DATA	
??02AA . . . . . . . . . . . . .	L Near	 00001881 _TEXT	
??02AB . . . . . . . . . . . . .	Number	 00000013h   
??02AC . . . . . . . . . . . . .	Number	 00000014h   
??02AD . . . . . . . . . . . . .	Number	 00000000h   
??02AE . . . . . . . . . . . . .	Byte	 00001BCC _DATA	
??02B6 . . . . . . . . . . . . .	Number	 00000001h   
??02B8 . . . . . . . . . . . . .	Byte	 00001BD4 _DATA	
??02B9 . . . . . . . . . . . . .	Byte	 00001BD0 _DATA	
??02BA . . . . . . . . . . . . .	Text   	 "
??02BB . . . . . . . . . . . . .	Byte	 00001BCF _DATA	
??02BD . . . . . . . . . . . . .	L Near	 000018DC _TEXT	
??02BE . . . . . . . . . . . . .	Number	 -00000001h   
??02BF . . . . . . . . . . . . .	Number	 00000001h   
??02C0 . . . . . . . . . . . . .	Number	 00000000h   
??02C1 . . . . . . . . . . . . .	Byte	 00001BD7 _DATA	
??02C9 . . . . . . . . . . . . .	Number	 00000001h   
??02CB . . . . . . . . . . . . .	Number	 00000000h   
??02CC . . . . . . . . . . . . .	Byte	 00001BDA _DATA	
??02CE . . . . . . . . . . . . .	Byte	 00001D09 _DATA	
??02CF . . . . . . . . . . . . .	Byte	 00001BDD _DATA	
??02D0 . . . . . . . . . . . . .	Text   	 o
??02D1 . . . . . . . . . . . . .	Byte	 00001BDC _DATA	
??02D2 . . . . . . . . . . . . .	L Near	 0000192D _TEXT	
??02D3 . . . . . . . . . . . . .	L Near	 00001961 _TEXT	
??02D4 . . . . . . . . . . . . .	Number	 00000000h   
??02D5 . . . . . . . . . . . . .	Byte	 00001D0C _DATA	
??02D7 . . . . . . . . . . . . .	Byte	 00001E3B _DATA	
??02D8 . . . . . . . . . . . . .	Byte	 00001D0F _DATA	
??02D9 . . . . . . . . . . . . .	Text   	 o
??02DA . . . . . . . . . . . . .	Byte	 00001D0E _DATA	
??02DB . . . . . . . . . . . . .	L Near	 00001998 _TEXT	
??02DC . . . . . . . . . . . . .	L Near	 000019CC _TEXT	
??02DD . . . . . . . . . . . . .	Number	 0000000Fh   
??02DE . . . . . . . . . . . . .	Number	 00000010h   
??02DF . . . . . . . . . . . . .	Number	 00000000h   
??02E0 . . . . . . . . . . . . .	Byte	 00001E5E _DATA	
??02E8 . . . . . . . . . . . . .	Number	 00000001h   
??02EA . . . . . . . . . . . . .	Byte	 00001E5B _DATA	
??02EB . . . . . . . . . . . . .	Byte	 00001E3F _DATA	
??02EC . . . . . . . . . . . . .	Text   	 "
??02ED . . . . . . . . . . . . .	Byte	 00001E3E _DATA	
??02EF . . . . . . . . . . . . .	L Near	 00001A0D _TEXT	
??02F0 . . . . . . . . . . . . .	Number	 00000013h   
??02F1 . . . . . . . . . . . . .	Number	 00000014h   
??02F2 . . . . . . . . . . . . .	Number	 00000000h   
??02F3 . . . . . . . . . . . . .	Byte	 00001E6E _DATA	
??02FB . . . . . . . . . . . . .	Number	 00000001h   
??02FD . . . . . . . . . . . . .	Byte	 00001E6B _DATA	
??02FE . . . . . . . . . . . . .	Byte	 00001E62 _DATA	
??02FF . . . . . . . . . . . . .	Text   	 "
??0300 . . . . . . . . . . . . .	Byte	 00001E61 _DATA	
??0302 . . . . . . . . . . . . .	L Near	 00001A68 _TEXT	
??0303 . . . . . . . . . . . . .	Number	 00000013h   
??0304 . . . . . . . . . . . . .	Number	 00000014h   
??0305 . . . . . . . . . . . . .	Number	 00000000h   
??0306 . . . . . . . . . . . . .	Byte	 00001E7E _DATA	
??030E . . . . . . . . . . . . .	Number	 00000001h   
??0310 . . . . . . . . . . . . .	Byte	 00001E7B _DATA	
??0311 . . . . . . . . . . . . .	Byte	 00001E72 _DATA	
??0312 . . . . . . . . . . . . .	Text   	 "
??0313 . . . . . . . . . . . . .	Byte	 00001E71 _DATA	
??0315 . . . . . . . . . . . . .	L Near	 00001AC3 _TEXT	
??0316 . . . . . . . . . . . . .	Number	 00000013h   
??0317 . . . . . . . . . . . . .	Number	 00000014h   
??0318 . . . . . . . . . . . . .	Number	 00000000h   
??0319 . . . . . . . . . . . . .	Byte	 00001E8D _DATA	
??0321 . . . . . . . . . . . . .	Number	 00000001h   
??0323 . . . . . . . . . . . . .	Byte	 00001E8A _DATA	
??0324 . . . . . . . . . . . . .	Byte	 00001E82 _DATA	
??0325 . . . . . . . . . . . . .	Text   	 "
??0326 . . . . . . . . . . . . .	Byte	 00001E81 _DATA	
??0328 . . . . . . . . . . . . .	L Near	 00001B1E _TEXT	
??0329 . . . . . . . . . . . . .	Number	 00000000h   
??032A . . . . . . . . . . . . .	Byte	 00001E90 _DATA	
??032C . . . . . . . . . . . . .	Byte	 00001FBF _DATA	
??032D . . . . . . . . . . . . .	Byte	 00001E93 _DATA	
??032E . . . . . . . . . . . . .	Text   	 o
??032F . . . . . . . . . . . . .	Byte	 00001E92 _DATA	
??0330 . . . . . . . . . . . . .	L Near	 00001B6F _TEXT	
??0331 . . . . . . . . . . . . .	L Near	 00001BA3 _TEXT	
??0332 . . . . . . . . . . . . .	Number	 00000000h   
??0333 . . . . . . . . . . . . .	Number	 00000001h   
??0334 . . . . . . . . . . . . .	Number	 00000000h   
??0335 . . . . . . . . . . . . .	Byte	 00001FD4 _DATA	
??033D . . . . . . . . . . . . .	Number	 00000002h   
??033F . . . . . . . . . . . . .	Byte	 00001FD1 _DATA	
??0340 . . . . . . . . . . . . .	Byte	 00001FC3 _DATA	
??0341 . . . . . . . . . . . . .	Text   	 "
??0342 . . . . . . . . . . . . .	Byte	 00001FC2 _DATA	
??0344 . . . . . . . . . . . . .	L Near	 00001BE4 _TEXT	
??0345 . . . . . . . . . . . . .	Number	 00000000h   
??0346 . . . . . . . . . . . . .	Byte	 00001FD7 _DATA	
??0348 . . . . . . . . . . . . .	Byte	 00002106 _DATA	
??0349 . . . . . . . . . . . . .	Byte	 00001FDA _DATA	
??034A . . . . . . . . . . . . .	Text   	 o
??034B . . . . . . . . . . . . .	Byte	 00001FD9 _DATA	
??034C . . . . . . . . . . . . .	L Near	 00001C31 _TEXT	
??034D . . . . . . . . . . . . .	L Near	 00001C65 _TEXT	
??CommonHeapElemSize . . . . . .	DWord	 00000004 _DATA	
??ConsoleMode  . . . . . . . . .	Byte	 00000008 _DATA	
??TotalHeapAllocated . . . . . .	DWord	 00000000 _DATA	
??buf  . . . . . . . . . . . . .	Byte	 00000019 _DATA	
??sTime  . . . . . . . . . . . .	SystemTime  00000009 _DATA	
@CodeSize  . . . . . . . . . . .	Number	 00000000h   
@DOS . . . . . . . . . . . . . .	Text   	 DOS
@DataSize  . . . . . . . . . . .	Number	 00000000h   
@INCHAR  . . . . . . . . . . . .	Text   	 @inchar
@ININTLN . . . . . . . . . . . .	Text   	 @inintln
@ININT . . . . . . . . . . . . .	Text   	 @inint
@InChar  . . . . . . . . . . . .	Text   	 @inchar
@InInt . . . . . . . . . . . . .	Text   	 @inint
@Inchar  . . . . . . . . . . . .	Text   	 @inchar
@InintLn . . . . . . . . . . . .	Text   	 @inintln
@Inintln . . . . . . . . . . . .	Text   	 @inintln
@Inint . . . . . . . . . . . . .	Text   	 @inint
@Interface . . . . . . . . . . .	Number	 00000003h   
@Model . . . . . . . . . . . . .	Number	 00000007h   
@READKEY . . . . . . . . . . . .	Text   	 @readkey
@ReadKey . . . . . . . . . . . .	Text   	 @readkey
@code  . . . . . . . . . . . . .	Text   	 _TEXT
@data  . . . . . . . . . . . . .	Text   	 FLAT
@dos . . . . . . . . . . . . . .	Text   	 DOS
@fardata?  . . . . . . . . . . .	Text   	 FLAT
@fardata . . . . . . . . . . . .	Text   	 FLAT
@random  . . . . . . . . . . . .	Text   	 @Random
@stack . . . . . . . . . . . . .	Text   	 FLAT
A1 . . . . . . . . . . . . . . .	Byte	 000002E1 _DATA	
A2 . . . . . . . . . . . . . . .	Byte	 000002E2 _DATA	
A3 . . . . . . . . . . . . . . .	Byte	 000002E3 _DATA	
AllocConsole@0 . . . . . . . . .	L Near	 00000000 FLAT	External STDCALL
Black  . . . . . . . . . . . . .	Number	 00000000h   
Blue . . . . . . . . . . . . . .	Number	 00000001h   
Bright . . . . . . . . . . . . .	Number	 00000008h   
Brown  . . . . . . . . . . . . .	Number	 00000006h   
CLRSCR . . . . . . . . . . . . .	Text   	 ClrScr
CREATE_ALWAYS  . . . . . . . . .	Number	 00000002h   
CREATE_NEW . . . . . . . . . . .	Number	 00000001h   
Calc_Fsum_and_probabilities@0  .	L Near	 00000000 FLAT	External STDCALL
CharToOem  . . . . . . . . . . .	Text   	 CharToOemA
Cls  . . . . . . . . . . . . . .	Text   	 ClrScr
CreateFile . . . . . . . . . . .	Text   	 CreateFileA
Cyan . . . . . . . . . . . . . .	Number	 00000003h   
DISPOSE  . . . . . . . . . . . .	Text   	 dispose
DarkGray . . . . . . . . . . . .	Number	 00000008h   
Dispose  . . . . . . . . . . . .	Text   	 dispose
D  . . . . . . . . . . . . . . .	Byte	 000002E4 _DATA	
EXIT . . . . . . . . . . . . . .	Text   	 exit
Exit . . . . . . . . . . . . . .	Text   	 exit
FILE_ATTRIBUTE_ARCHIVE . . . . .	Number	 00000020h   
FILE_ATTRIBUTE_COMPRESSED  . . .	Number	 00000800h   
FILE_ATTRIBUTE_DIRECTORY . . . .	Number	 00000010h   
FILE_ATTRIBUTE_HIDDEN  . . . . .	Number	 00000002h   
FILE_ATTRIBUTE_NORMAL  . . . . .	Number	 00000080h   
FILE_ATTRIBUTE_READONLY  . . . .	Number	 00000001h   
FILE_ATTRIBUTE_SYSTEM  . . . . .	Number	 00000004h   
FILE_ATTRIBUTE_TEMPORARY . . . .	Number	 00000100h   
FLUSH  . . . . . . . . . . . . .	Text   	 flush
Final_result . . . . . . . . . .	Byte	 0000047F _DATA	
Fi . . . . . . . . . . . . . . .	Word	 00000455 _DATA	
Flush  . . . . . . . . . . . . .	Text   	 flush
FreeConsole@0  . . . . . . . . .	L Near	 00000000 FLAT	External STDCALL
GENERIC_ALL  . . . . . . . . . .	Number	 10000000h   
GENERIC_EXECUTE  . . . . . . . .	Number	 20000000h   
GENERIC_READ . . . . . . . . . .	Number	 -80000000h   
GENERIC_WRITE  . . . . . . . . .	Number	 40000000h   
GMEM_FIXED . . . . . . . . . . .	Number	 00000000h   
GMEM_ZEROINIT  . . . . . . . . .	Number	 00000040h   
GOTOXY . . . . . . . . . . . . .	Text   	 gotoXY
Generate . . . . . . . . . . . .	Word	 0000046B _DATA	
GetModuleHandle  . . . . . . . .	Text   	 GetModuleHandleA
GotoXY . . . . . . . . . . . . .	Text   	 gotoXY
Green  . . . . . . . . . . . . .	Number	 00000002h   
IDABORT  . . . . . . . . . . . .	Number	 00000003h   
IDCANCEL . . . . . . . . . . . .	Number	 00000002h   
IDIGNORE . . . . . . . . . . . .	Number	 00000005h   
IDNO . . . . . . . . . . . . . .	Number	 00000007h   
IDOK . . . . . . . . . . . . . .	Number	 00000001h   
IDRETRY  . . . . . . . . . . . .	Number	 00000004h   
IDYES  . . . . . . . . . . . . .	Number	 00000006h   
INCHAR . . . . . . . . . . . . .	Text   	 inchar
ININTLN  . . . . . . . . . . . .	Text   	 inintln
ININT  . . . . . . . . . . . . .	Text   	 inint
INPUTSTR . . . . . . . . . . . .	Text   	 InputStr
INPUT_Ai . . . . . . . . . . . .	L Near	 000003D7 _TEXT	
INPUT_D  . . . . . . . . . . . .	L Near	 000004CC _TEXT	
INPUT_Iter . . . . . . . . . . .	L Near	 00000712 _TEXT	
INPUT_K  . . . . . . . . . . . .	L Near	 000007A1 _TEXT	
INPUT_M  . . . . . . . . . . . .	L Near	 000005F5 _TEXT	
INPUT_N  . . . . . . . . . . . .	L Near	 00000567 _TEXT	
INPUT_Seed . . . . . . . . . . .	L Near	 00000683 _TEXT	
InChar . . . . . . . . . . . . .	Text   	 inchar
InInt  . . . . . . . . . . . . .	Text   	 inint
Inchar . . . . . . . . . . . . .	Text   	 inchar
InintLn  . . . . . . . . . . . .	Text   	 inintln
Inintln  . . . . . . . . . . . .	Text   	 inintln
Inint  . . . . . . . . . . . . .	Text   	 inint
Iteration  . . . . . . . . . . .	Word	 000002E7 _DATA	
Iter . . . . . . . . . . . . . .	L Near	 00001441 _TEXT	
K  . . . . . . . . . . . . . . .	Byte	 0000048F _DATA	
LANG_NEUTRAL . . . . . . . . . .	Number	 00000000h   
LightBlue  . . . . . . . . . . .	Number	 00000009h   
LightGray  . . . . . . . . . . .	Number	 00000007h   
LightGreen . . . . . . . . . . .	Number	 0000000Ah   
LightMagenta . . . . . . . . . .	Number	 0000000Dh   
LightRed . . . . . . . . . . . .	Number	 0000000Ch   
L  . . . . . . . . . . . . . . .	Number	 0000000Ah   
MB_ABORTRETRYIGNORE  . . . . . .	Number	 00000002h   
MB_CANCELTRYCONTINUE . . . . . .	Number	 00000006h   
MB_DEFBUTTON1  . . . . . . . . .	Number	 00000000h   
MB_DEFBUTTON2  . . . . . . . . .	Number	 00000100h   
MB_DEFBUTTON3  . . . . . . . . .	Number	 00000200h   
MB_DEFBUTTON4  . . . . . . . . .	Number	 00000300h   
MB_HELP  . . . . . . . . . . . .	Number	 00004000h   
MB_ICONASTERISK  . . . . . . . .	Number	 00000040h   
MB_ICONEXCLAMATION . . . . . . .	Number	 00000030h   
MB_ICONHAND  . . . . . . . . . .	Number	 00000008h   
MB_ICONQUESTION  . . . . . . . .	Number	 00000020h   
MB_ICONSTOP  . . . . . . . . . .	Number	 00000010h   
MB_OKCANCEL  . . . . . . . . . .	Number	 00000001h   
MB_OK  . . . . . . . . . . . . .	Number	 00000000h   
MB_RETRYCANCEL . . . . . . . . .	Number	 00000005h   
MB_RIGHT . . . . . . . . . . . .	Number	 00080000h   
MB_SYSTEMMODAL . . . . . . . . .	Number	 00001000h   
MB_USERICON  . . . . . . . . . .	Number	 00000080h   
MB_YESNOCANCEL . . . . . . . . .	Number	 00000003h   
MB_YESNO . . . . . . . . . . . .	Number	 00000004h   
MSGBOX . . . . . . . . . . . . .	Text   	 MsgBox
Magenta  . . . . . . . . . . . .	Number	 00000005h   
MessageBoxIndirect . . . . . . .	Text   	 MessageBoxIndirectA
MessageBox . . . . . . . . . . .	Text   	 _imp__MessageBoxA@16
M  . . . . . . . . . . . . . . .	Byte	 000002E6 _DATA	
NEWLINE  . . . . . . . . . . . .	Text   	 newline
NEW  . . . . . . . . . . . . . .	Text   	 new
NULL . . . . . . . . . . . . . .	Number	 00000000h   
NewLine  . . . . . . . . . . . .	Text   	 newline
Newline  . . . . . . . . . . . .	Text   	 newline
New  . . . . . . . . . . . . . .	Text   	 new
N  . . . . . . . . . . . . . . .	Byte	 000002E5 _DATA	
OPEN_ALWAYS  . . . . . . . . . .	Number	 00000004h   
OPEN_EXISTING  . . . . . . . . .	Number	 00000003h   
OUTCHARLN  . . . . . . . . . . .	Text   	 outcharln
OUTCHAR  . . . . . . . . . . . .	Text   	 outchar
OUTCH  . . . . . . . . . . . . .	Text   	 outchar
OUTCLN . . . . . . . . . . . . .	Text   	 outcharln
OUTDATELN  . . . . . . . . . . .	Text   	 outdateln
OUTDATE  . . . . . . . . . . . .	Text   	 outdate
OUTINTLN . . . . . . . . . . . .	Text   	 outintln
OUTINT . . . . . . . . . . . . .	Text   	 outint
OUTI . . . . . . . . . . . . . .	Text   	 outint
OUTL . . . . . . . . . . . . . .	L Near	 000011ED _TEXT	
OUTSTRLN . . . . . . . . . . . .	Text   	 outstrln
OUTSTR . . . . . . . . . . . . .	Text   	 outstr
OUTTIMELN  . . . . . . . . . . .	Text   	 outtimeln
OUTTIME  . . . . . . . . . . . .	Text   	 outtime
OUTU . . . . . . . . . . . . . .	Text   	 outword
OUTWORDLN  . . . . . . . . . . .	Text   	 outwordln
OUTWORD  . . . . . . . . . . . .	Text   	 outword
OutCharLn  . . . . . . . . . . .	Text   	 outcharln
OutCharln  . . . . . . . . . . .	Text   	 outcharln
OutChar  . . . . . . . . . . . .	Text   	 outchar
OutDateLn  . . . . . . . . . . .	Text   	 outdateln
OutDateln  . . . . . . . . . . .	Text   	 outdateln
OutDate  . . . . . . . . . . . .	Text   	 outdate
OutILn . . . . . . . . . . . . .	Text   	 outintln
OutIln . . . . . . . . . . . . .	Text   	 outintln
OutIntLn . . . . . . . . . . . .	Text   	 outintln
OutInt . . . . . . . . . . . . .	Text   	 outint
OutI . . . . . . . . . . . . . .	Text   	 outint
OutNumLn . . . . . . . . . . . .	Text   	 outnumln
OutNumln . . . . . . . . . . . .	Text   	 outnumln
OutNum . . . . . . . . . . . . .	Text   	 outnum
OutStrLn . . . . . . . . . . . .	Text   	 outstrln
OutStr . . . . . . . . . . . . .	Text   	 outstr
OutTimeLn  . . . . . . . . . . .	Text   	 outtimeln
OutTimeln  . . . . . . . . . . .	Text   	 outtimeln
OutTime  . . . . . . . . . . . .	Text   	 outtime
OutULn . . . . . . . . . . . . .	Text   	 outwordln
OutUln . . . . . . . . . . . . .	Text   	 outwordln
OutUnsignedLn  . . . . . . . . .	Text   	 outwordln
OutUnsignedln  . . . . . . . . .	Text   	 outwordln
OutUnsigned  . . . . . . . . . .	Text   	 outword
OutU . . . . . . . . . . . . . .	Text   	 outword
OutWordLn  . . . . . . . . . . .	Text   	 outwordln
OutWord  . . . . . . . . . . . .	Text   	 outword
OutintLn . . . . . . . . . . . .	Text   	 outintln
Outintln . . . . . . . . . . . .	Text   	 outintln
Outint . . . . . . . . . . . . .	Text   	 outint
OutstrLn . . . . . . . . . . . .	Text   	 outstrln
OutwordLn  . . . . . . . . . . .	Text   	 outwordln
Outword  . . . . . . . . . . . .	Text   	 outword
PAGE_EXECUTE_READWRITE . . . . .	Number	 00000040h   
PAGE_EXECUTE_READ  . . . . . . .	Number	 00000020h   
PAGE_EXECUTE_WRITECOPY . . . . .	Number	 00000080h   
PAGE_EXECUTE . . . . . . . . . .	Number	 00000010h   
PAGE_NOACCESS  . . . . . . . . .	Number	 00000001h   
PAGE_READONLY  . . . . . . . . .	Number	 00000002h   
PAGE_READWRITE . . . . . . . . .	Number	 00000004h   
PAGE_WRITECOPY . . . . . . . . .	Number	 00000008h   
PAUSE  . . . . . . . . . . . . .	Text   	 pause
P_selection  . . . . . . . . . .	Byte	 000003FB _DATA	
Pause  . . . . . . . . . . . . .	Text   	 pause
Population . . . . . . . . . . .	Byte	 000002ED _DATA	
READKEY  . . . . . . . . . . . .	Text   	 readkey
ReadKey  . . . . . . . . . . . .	Text   	 readkey
Red  . . . . . . . . . . . . . .	Number	 00000004h   
STD_ERROR_HANDLE . . . . . . . .	Number	 -0000000Ch   
STD_INPUT_HANDLE . . . . . . . .	Number	 -0000000Ah   
STD_OUTPUT_HANDLE  . . . . . . .	Number	 -0000000Bh   
Seed2  . . . . . . . . . . . . .	Word	 000002EB _DATA	
Seed . . . . . . . . . . . . . .	Word	 000002E9 _DATA	
SetConsoleTitle  . . . . . . . .	Text   	 SetConsoleTitleA
Start  . . . . . . . . . . . . .	L Near	 000003C0 _TEXT	Public STDCALL
TRUNCATE_EXISTING  . . . . . . .	Number	 00000005h   
URLDownloadToFile  . . . . . . .	Text   	 URLDownloadToFileA
White  . . . . . . . . . . . . .	Number	 0000000Fh   
Yellow . . . . . . . . . . . . .	Number	 0000000Eh   
_10  . . . . . . . . . . . . . .	DWord	 0000001D _DATA	
_imp__MessageBoxA@16 . . . . . .	DWord	 00000000 FLAT	External STDCALL
_imp___exit  . . . . . . . . . .	DWord	 00000000 FLAT	External STDCALL
_imp__printf . . . . . . . . . .	DWord	 00000000 FLAT	External STDCALL
_imp__scanf  . . . . . . . . . .	DWord	 00000000 FLAT	External STDCALL
_imp__sprintf  . . . . . . . . .	DWord	 00000000 FLAT	External STDCALL
black  . . . . . . . . . . . . .	Number	 00000000h   
blue . . . . . . . . . . . . . .	Number	 00000001h   
bright . . . . . . . . . . . . .	Number	 00000008h   
brown  . . . . . . . . . . . . .	Number	 00000006h   
calc_Fi_and_accuracy@0 . . . . .	L Near	 00000000 FLAT	External STDCALL
clrscr . . . . . . . . . . . . .	Text   	 ClrScr
crossbreeding@0  . . . . . . . .	L Near	 00000000 FLAT	External STDCALL
crt__exit  . . . . . . . . . . .	Text   	 _imp___exit
crt_printf . . . . . . . . . . .	Text   	 _imp__printf
crt_scanf  . . . . . . . . . . .	Text   	 _imp__scanf
crt_sprintf  . . . . . . . . . .	Text   	 _imp__sprintf
cyan . . . . . . . . . . . . . .	Number	 00000003h   
darkgray . . . . . . . . . . . .	Number	 00000008h   
dos  . . . . . . . . . . . . . .	Text   	 DOS
downloadfile . . . . . . . . . .	Text   	 DownloadFile
fmt  . . . . . . . . . . . . . .	Byte	 00000021 _DATA	
formation_population@0 . . . . .	L Near	 00000000 FLAT	External STDCALL
gotoxy . . . . . . . . . . . . .	Text   	 gotoXY
grand_final  . . . . . . . . . .	L Near	 00001C7D _TEXT	
green  . . . . . . . . . . . . .	Number	 00000002h   
heapblocksize  . . . . . . . . .	Text   	 HeapBlockSize
inputstr . . . . . . . . . . . .	Text   	 InputStr
lightblue  . . . . . . . . . . .	Number	 00000009h   
lightgray  . . . . . . . . . . .	Number	 00000007h   
lightgreen . . . . . . . . . . .	Number	 0000000Ah   
lightmagenta . . . . . . . . . .	Number	 0000000Dh   
lightred . . . . . . . . . . . .	Number	 0000000Ch   
magenta  . . . . . . . . . . . .	Number	 00000005h   
msgbox . . . . . . . . . . . . .	Text   	 MsgBox
mutation@0 . . . . . . . . . . .	L Near	 00000000 FLAT	External STDCALL
nil  . . . . . . . . . . . . . .	DWord 	 00000000h   
no_result  . . . . . . . . . . .	L Near	 0000153A _TEXT	
out_result . . . . . . . . . . .	L Near	 000015E7 _TEXT	
outch  . . . . . . . . . . . . .	Text   	 outchar
outintLn . . . . . . . . . . . .	Text   	 outintln
outi . . . . . . . . . . . . . .	Text   	 outint
outu . . . . . . . . . . . . . .	Text   	 outword
outwordLn  . . . . . . . . . . .	Text   	 outwordln
random_gen@0 . . . . . . . . . .	L Near	 00000000 FLAT	External STDCALL
randomize  . . . . . . . . . . .	Text   	 Randomize
red  . . . . . . . . . . . . . .	Number	 00000004h   
selection@0  . . . . . . . . . .	L Near	 00000000 FLAT	External STDCALL
settextattr  . . . . . . . . . .	Text   	 SetTextAttr
start_random_gen@0 . . . . . . .	L Near	 00000000 FLAT	External STDCALL
whereX . . . . . . . . . . . . .	Text   	 WhereX
whereY . . . . . . . . . . . . .	Text   	 WhereY
wherex . . . . . . . . . . . . .	Text   	 WhereX
wherey . . . . . . . . . . . . .	Text   	 WhereY
white  . . . . . . . . . . . . .	Number	 0000000Fh   
yellow . . . . . . . . . . . . .	Number	 0000000Eh   

	   0 Warnings
	   0 Errors
